Station Name	ST HYACINTHE 2
Province	QUEBEC
Latitude	45.57
Longitude	-72.92
Elevation	33.0
Climate Identifier	7027361

Created by	Rainbird Beta 4.0.2
Created on	08/12/2014

*** FILL PROCEDURE INFO ***

MLR model	Least Absolute Deviations
Precip correction	Not Available
Wet days correction	Not Available
Max number of stations	4
Cutoff distance (km)	100
Cutoff altitude difference (m)	350
Date Start	2000/01/01
Date End	2013/12/31


*** SUMMARY TABLE ***

CLIMATE VARIABLE	TOTAL MISSING	TOTAL FILLED		AVG. NBR STA.	AVG. RMSE		FLEURY	STE MADELEINE	MARIEVILLE	ST GUILLAUME	ST NAZAIRE	IBERVILLE	FARNHAM	DRUMMONDVILLE	SABREVOIS	ST AMABLE	GRANBY	PIERREVILLE	DANVILLE	STE MARTINE	PHILIPSBURG	ST BERNARD DE LACOLLE	VERCHERES
Max Temp (deg C)	316 (6.2 % of total)	316 (100.0 % of missing)		4.0	0.90		311 (98.4 % of filled)	301 (95.3 % of filled)	276 (87.3 % of filled)	47 (14.9 % of filled)	105 (33.2 % of filled)	212 (67.1 % of filled)	2 (0.6 % of filled)	8 (2.5 % of filled)	1 (0.3 % of filled)	0 (0.0 % of filled)	1 (0.3 % of filled)	0 (0.0 % of filled)	0 (0.0 % of filled)	0 (0.0 % of filled)	0 (0.0 % of filled)	0 (0.0 % of filled)	0 (0.0 % of filled)
Min Temp (deg C)	317 (6.2 % of total)	317 (100.0 % of missing)		4.0	1.19		312 (98.4 % of filled)	287 (90.5 % of filled)	283 (89.3 % of filled)	294 (92.7 % of filled)	17 (5.4 % of filled)	2 (0.6 % of filled)	65 (20.5 % of filled)	5 (1.6 % of filled)	2 (0.6 % of filled)	0 (0.0 % of filled)	0 (0.0 % of filled)	1 (0.3 % of filled)	0 (0.0 % of filled)	0 (0.0 % of filled)	0 (0.0 % of filled)	0 (0.0 % of filled)	0 (0.0 % of filled)
Mean Temp (deg C)	380 (7.4 % of total)	380 (100.0 % of missing)		4.0	0.80		362 (95.3 % of filled)	328 (86.3 % of filled)	316 (83.2 % of filled)	333 (87.6 % of filled)	93 (24.5 % of filled)	12 (3.2 % of filled)	49 (12.9 % of filled)	13 (3.4 % of filled)	7 (1.8 % of filled)	0 (0.0 % of filled)	1 (0.3 % of filled)	1 (0.3 % of filled)	1 (0.3 % of filled)	1 (0.3 % of filled)	1 (0.3 % of filled)	1 (0.3 % of filled)	1 (0.3 % of filled)
Total Precip (mm)	287 (5.6 % of total)	287 (100.0 % of missing)		4.0	3.30		279 (97.2 % of filled)	283 (98.6 % of filled)	266 (92.7 % of filled)	44 (15.3 % of filled)	271 (94.4 % of filled)	0 (0.0 % of filled)	0 (0.0 % of filled)	0 (0.0 % of filled)	0 (0.0 % of filled)	4 (1.4 % of filled)	1 (0.3 % of filled)	0 (0.0 % of filled)	0 (0.0 % of filled)	0 (0.0 % of filled)	0 (0.0 % of filled)	0 (0.0 % of filled)	0 (0.0 % of filled)

TOTAL	1300 (6.4 % of total)	1300 (100.0 % of missing)		---	---		1264 (97.2 % of filled)	1199 (92.2 % of filled)	1141 (87.8 % of filled)	718 (55.2 % of filled)	486 (37.4 % of filled)	226 (17.4 % of filled)	116 (8.9 % of filled)	26 (2.0 % of filled)	10 (0.8 % of filled)	4 (0.3 % of filled)	3 (0.2 % of filled)	2 (0.2 % of filled)	1 (0.1 % of filled)	1 (0.1 % of filled)	1 (0.1 % of filled)	1 (0.1 % of filled)	1 (0.1 % of filled)


*** DETAILED REPORT ***

VARIABLE	YEAR	MONTH	DAY	NBR STA.	RMSE	ST HYACINTHE 2	FLEURY	STE MADELEINE	MARIEVILLE	ST GUILLAUME	ST NAZAIRE	IBERVILLE	FARNHAM	DRUMMONDVILLE	SABREVOIS	ST AMABLE	GRANBY	PIERREVILLE	DANVILLE	STE MARTINE	PHILIPSBURG	ST BERNARD DE LACOLLE	VERCHERES
Max Temp (deg C)	2001	8	29	4	0.9	19.8	19.5	20.0	19.5			20.0											
Max Temp (deg C)	2001	8	30	4	0.9	24.0	23.5	24.0	24.0			24.0											
Max Temp (deg C)	2001	8	31	4	0.9	26.6	26.5	27.5	26.0			25.5											
Max Temp (deg C)	2005	11	14	4	0.9	9.8	10.0	10.0	9.5			10.0											
Max Temp (deg C)	2006	7	30	4	0.9	24.5	23.5	24.0	25.0			24.5											
Max Temp (deg C)	2006	7	31	4	0.9	27.5	27.0	28.0	27.0			27.5											
Max Temp (deg C)	2006	8	1	4	0.9	33.5	32.5	33.5	33.5			33.5											
Max Temp (deg C)	2006	8	2	4	0.9	29.4	28.0	29.0	30.0			30.0											
Max Temp (deg C)	2006	8	3	4	0.9	27.6	27.5	27.5	27.5			27.0											
Max Temp (deg C)	2009	7	31	4	0.9	22.2	22.0	22.5	22.0			22.0											
Max Temp (deg C)	2009	8	1	4	0.9	27.8	27.0	27.5	28.0			28.0											
Max Temp (deg C)	2009	8	2	4	0.9	23.9	23.5	22.5	24.5			24.0											
Max Temp (deg C)	2009	8	3	4	0.9	25.1	25.0	24.5	25.0			25.0											
Max Temp (deg C)	2009	8	4	4	0.9	28.4	28.0	28.5	28.0			28.5											
Max Temp (deg C)	2009	8	5	4	0.9	24.2	24.0	24.5	24.0			23.5											
Max Temp (deg C)	2009	8	6	4	0.9	23.3	23.5	23.0	23.0			23.0											
Max Temp (deg C)	2009	11	22	4	0.9	5.0	5.0	5.0	5.0			5.0											
Max Temp (deg C)	2009	12	31	4	0.9	-2.0	-3.5	-1.5	-1.0			-1.0											
Max Temp (deg C)	2010	7	28	4	0.9	29.2	29.0	29.5	28.5			29.0											
Max Temp (deg C)	2010	7	29	4	0.9	23.2	23.0	23.0	23.0			23.5											
Max Temp (deg C)	2010	7	30	4	0.9	20.2	19.5	20.5	20.0			20.5											
Max Temp (deg C)	2010	7	31	4	0.9	24.2	24.0	25.0	23.5			24.0											
Max Temp (deg C)	2010	8	1	4	0.9	27.2	26.5	27.5	27.0			27.5											
Max Temp (deg C)	2010	8	2	4	0.9	28.2	28.0	29.0	27.5			28.0											
Max Temp (deg C)	2010	8	3	4	0.87	24.9	25.0	25.0	24.0		25.0												
Max Temp (deg C)	2010	11	6	4	0.9	5.4	5.5	5.5	5.0			6.0											
Max Temp (deg C)	2010	11	16	4	0.87	12.4	11.5	12.0	13.0		12.0												
Max Temp (deg C)	2010	11	17	4	0.9	11.3	10.5	11.0	12.0			11.5											
Max Temp (deg C)	2010	11	18	4	0.99	5.3	5.0	5.5		5.0				5.0									
Max Temp (deg C)	2010	11	19	4	0.9	3.4	3.0	4.0	3.5			3.5											
Max Temp (deg C)	2010	11	20	4	0.9	5.4	4.5	5.0			4.0	7.5											
Max Temp (deg C)	2010	11	21	4	0.9	2.2	0.5	3.0			1.0	4.0											
Max Temp (deg C)	2010	11	22	4	0.9	8.6	4.5	8.5			9.0	11.0											
Max Temp (deg C)	2010	11	23	4	0.94	12.8	12.5			12.0		13.0		13.0									
Max Temp (deg C)	2010	11	24	4	0.9	1.6	2.0	2.0			1.0	1.5											
Max Temp (deg C)	2010	11	25	4	0.93	1.7	0.0			1.0	1.5	3.0											
Max Temp (deg C)	2010	11	26	4	0.94	3.5	2.5	3.5		2.5	4.0												
Max Temp (deg C)	2010	11	27	4	0.94	0.8	1.0	1.0		0.5	0.0												
Max Temp (deg C)	2010	11	28	4	0.9	1.9	1.0	2.5	2.0			3.0											
Max Temp (deg C)	2010	11	29	4	0.9	6.0	5.0	6.5			5.0	7.0											
Max Temp (deg C)	2010	11	30	4	0.9	9.2	8.5	8.0	10.0			10.0											
Max Temp (deg C)	2010	12	1	4	0.9	12.8	12.0	12.5	13.5			13.0											
Max Temp (deg C)	2010	12	3	4	0.9	3.3	3.5	3.5	3.0			3.5											
Max Temp (deg C)	2010	12	4	4	0.9	-1.4	-1.0	-1.0	-2.0			-1.0											
Max Temp (deg C)	2010	12	5	4	0.9	-3.2	-3.0	-3.5	-3.0			-3.0											
Max Temp (deg C)	2010	12	6	4	0.87	-3.6	-3.0	-3.0	-4.0		-4.0												
Max Temp (deg C)	2010	12	7	4	0.9	-4.7	-4.5	-4.5	-5.0			-4.0											
Max Temp (deg C)	2010	12	8	4	0.87	-7.6	-7.0	-7.0	-8.0		-8.0												
Max Temp (deg C)	2010	12	9	4	0.87	-9.6	-9.0	-8.0	-10.0		-10.5												
Max Temp (deg C)	2010	12	10	4	0.9	-0.8	-2.0		0.0		-1.0	0.0											
Max Temp (deg C)	2010	12	11	4	0.9	0.6	0.0	1.0	1.0			1.0											
Max Temp (deg C)	2010	12	12	4	0.9	6.5	6.0	5.0	8.0			6.0											
Max Temp (deg C)	2010	12	13	4	0.9	3.0	3.5	2.5	3.0			3.0											
Max Temp (deg C)	2010	12	14	4	0.9	-9.1	-8.0	-8.5	-10.0			-8.5											
Max Temp (deg C)	2010	12	15	4	0.9	-11.0	-11.0	-11.0	-11.0			-10.0											
Max Temp (deg C)	2010	12	16	4	0.9	-8.2	-9.0	-8.0	-7.0			-8.5											
Max Temp (deg C)	2010	12	17	4	0.94	-5.9	-8.0	-5.0		-5.5	-6.0												
Max Temp (deg C)	2010	12	18	4	0.9	-1.8	-4.5	-1.0	0.0			-1.0											
Max Temp (deg C)	2010	12	19	4	0.9	-4.4	-3.5	-3.5	-5.0			-5.0											
Max Temp (deg C)	2010	12	20	4	0.9	-3.8	-3.0	-4.0	-4.0			-4.0											
Max Temp (deg C)	2010	12	21	4	0.9	-1.8	-1.0	-1.5	-2.0			-2.5											
Max Temp (deg C)	2010	12	22	4	0.9	-0.8	-0.5	0.0	-1.0			-1.0											
Max Temp (deg C)	2010	12	23	4	0.9	-1.0	-1.0	-0.5	-1.0			-1.0											
Max Temp (deg C)	2010	12	24	4	0.87	-6.7	-8.0	-5.0	-6.5		-7.0												
Max Temp (deg C)	2010	12	25	4	0.87	-7.3	-7.0	-6.0	-7.0		-9.0												
Max Temp (deg C)	2010	12	26	4	0.9	-8.8	-8.5	-8.5	-9.0			-8.0											
Max Temp (deg C)	2010	12	27	4	0.9	-8.8	-8.5	-9.0	-9.0			-7.5											
Max Temp (deg C)	2010	12	28	4	0.9	-5.2	-5.0	-5.0	-5.0			-5.5											
Max Temp (deg C)	2011	1	1	4	0.9	8.5	6.5	10.5	9.0			9.0											
Max Temp (deg C)	2011	1	2	4	0.9	3.5	3.5	3.5	3.5			4.0											
Max Temp (deg C)	2011	1	3	4	0.9	-1.8	-2.0	-2.0	-1.0			-2.0											
Max Temp (deg C)	2011	1	4	4	0.9	-3.3	-3.5	-3.0	-3.0			-3.0											
Max Temp (deg C)	2011	1	5	4	0.87	-3.7	-3.0	-3.5	-4.0		-4.0												
Max Temp (deg C)	2011	1	6	4	0.9	-5.0	-4.5	-5.0	-5.0			-5.0											
Max Temp (deg C)	2011	1	7	4	0.9	-3.7	-3.0	-3.5	-4.0			-3.5											
Max Temp (deg C)	2011	1	8	4	0.9	-3.0	-3.0	-2.5	-3.0			-3.0											
Max Temp (deg C)	2011	1	9	4	0.9	-2.5	-2.0	-1.5	-3.0			-3.0											
Max Temp (deg C)	2011	1	10	4	0.9	-6.2	-5.0	-5.5	-7.0			-6.5											
Max Temp (deg C)	2011	1	11	4	0.9	-5.4	-5.5	-4.5	-5.0			-6.0											
Max Temp (deg C)	2011	1	12	4	0.9	-4.9	-5.0	-4.5	-5.0			-4.0											
Max Temp (deg C)	2011	1	13	4	0.87	-5.6	-5.0	-5.0	-6.0		-6.0												
Max Temp (deg C)	2011	1	14	4	0.9	-6.2	-6.5	-5.5	-6.0			-6.0											
Max Temp (deg C)	2011	1	15	4	0.9	-6.6	-8.0	-8.0	-5.0			-5.0											
Max Temp (deg C)	2011	1	16	4	0.88	-10.1	-9.0	-9.0	-11.0	-10.0													
Max Temp (deg C)	2011	1	17	4	1.02	-9.3	-13.0			-7.5	-7.5			-7.0									
Max Temp (deg C)	2011	1	18	4	0.94	-0.7	-1.0	-0.5		-1.0	-1.0												
Max Temp (deg C)	2011	1	19	4	0.9	-6.7	-7.0	-6.5			-7.0	-6.0											
Max Temp (deg C)	2011	1	20	4	0.94	-8.8	-9.0	-8.0		-8.5	-10.0												
Max Temp (deg C)	2011	1	21	4	0.91	-8.7	-8.0	-9.0		-10.0		-7.5											
Max Temp (deg C)	2011	1	22	4	0.91	-13.4	-14.0	-12.0		-14.0		-13.0											
Max Temp (deg C)	2011	1	23	4	0.9	-19.0	-18.5	-17.5			-21.0	-18.0											
Max Temp (deg C)	2011	1	24	4	0.9	-17.6	-19.0	-18.0			-17.0	-16.0											
Max Temp (deg C)	2011	1	25	4	0.9	-13.3	-15.0	-13.0	-12.0			-12.0											
Max Temp (deg C)	2011	1	26	4	0.9	-7.2	-7.5	-7.0	-7.0			-6.5											
Max Temp (deg C)	2011	1	27	4	0.87	-4.2	-4.0	-3.5	-4.0		-5.0												
Max Temp (deg C)	2011	1	28	4	0.87	-1.5	-2.0	-1.0	-1.0		-2.0												
Max Temp (deg C)	2011	1	29	4	0.94	-6.4	-7.0	-7.0		-6.0	-6.0												
Max Temp (deg C)	2011	1	30	4	0.9	-9.6	-9.0		-9.0	-11.0		-9.0											
Max Temp (deg C)	2011	1	31	4	0.9	-15.2	-15.0		-15.0	-16.0		-14.0											
Max Temp (deg C)	2011	2	1	4	0.9	-12.4	-12.0	-12.0	-12.0			-13.0											
Max Temp (deg C)	2011	2	2	4	0.9	-9.7	-11.0	-10.5	-8.0			-8.5											
Max Temp (deg C)	2011	2	3	4	0.9	-7.6	-7.5		-8.0		-7.5	-7.0											
Max Temp (deg C)	2011	2	4	4	0.87	-3.6	-3.0	-3.0	-4.0		-4.0												
Max Temp (deg C)	2011	2	5	4	0.87	1.5	1.0	1.5	2.0		1.0												
Max Temp (deg C)	2011	2	6	4	0.9	1.2	2.0	1.0	1.0			1.0											
Max Temp (deg C)	2011	2	7	4	0.88	0.9	0.0	1.5	1.5	0.0													
Max Temp (deg C)	2011	2	8	4	0.87	-9.0	-8.5	-8.0	-9.0		-10.0												
Max Temp (deg C)	2011	2	9	4	0.9	-5.9	-6.5	-5.5	-6.0			-4.0											
Max Temp (deg C)	2011	2	10	4	0.9	-9.8	-10.0	-9.0	-10.0			-9.0											
Max Temp (deg C)	2011	2	11	4	0.9	-5.8	-6.5	-5.5				-4.5	-5.6										
Max Temp (deg C)	2011	2	12	4	0.9	-1.8	-2.0	-1.5	-2.0			-1.0											
Max Temp (deg C)	2011	2	13	4	0.9	2.4	-1.0	2.0	5.0			4.0											
Max Temp (deg C)	2011	2	14	4	0.9	3.2	0.5	4.0	5.0			4.0											
Max Temp (deg C)	2011	2	15	4	0.9	-12.2	-12.0	-12.0	-12.0			-12.0											
Max Temp (deg C)	2011	2	16	4	0.9	-1.3	-4.0	-1.0	1.0			-1.0											
Max Temp (deg C)	2011	2	17	4	0.9	7.1	6.0	7.5	8.0			7.0											
Max Temp (deg C)	2011	2	18	4	0.9	9.6	9.0	8.5	10.0			11.0											
Max Temp (deg C)	2011	2	19	4	0.9	-5.0	-5.0	-4.5	-5.0			-4.5											
Max Temp (deg C)	2011	2	20	4	0.9	-8.6	-8.0	-7.5	-9.0			-9.0											
Max Temp (deg C)	2011	2	21	4	0.9	-9.8	-10.0	-9.0	-10.0			-8.5											
Max Temp (deg C)	2011	2	22	4	0.9	-6.1	-5.0	-5.0			-8.5	-5.2											
Max Temp (deg C)	2011	2	23	4	0.94	-4.0	-5.5	-1.5		-6.0	-5.0												
Max Temp (deg C)	2011	2	24	4	0.9	0.1	-1.0	0.0	1.0			1.0											
Max Temp (deg C)	2011	2	25	4	0.9	-2.6	-2.0	-3.5	-2.0			-3.0											
Max Temp (deg C)	2011	2	26	4	0.9	-9.2	-10.0	-8.0			-10.5	-8.0											
Max Temp (deg C)	2011	2	27	4	0.9	0.6	-1.0	1.5	1.0			2.0											
Max Temp (deg C)	2011	2	28	4	0.87	1.5	1.0	1.5	2.0		1.0												
Max Temp (deg C)	2011	3	1	4	0.87	0.0	0.0	0.0	0.0		0.0												
Max Temp (deg C)	2011	3	2	4	0.9	0.8	1.0	-0.5	1.0			2.0											
Max Temp (deg C)	2011	3	3	4	0.9	-11.1	-12.0	-10.0	-11.0			-9.5											
Max Temp (deg C)	2011	3	4	4	0.9	2.8	3.0	3.0	3.0			2.0											
Max Temp (deg C)	2011	3	5	4	0.91	6.7	6.0	7.0		6.5		7.0											
Max Temp (deg C)	2011	3	6	4	0.91	-2.1	-3.0	-2.0		-2.0		-1.5											
Max Temp (deg C)	2011	3	7	4	0.9	-5.3	-6.0	-5.0	-5.0			-4.0											
Max Temp (deg C)	2011	3	8	4	0.9	-5.2	-4.5	-5.0	-6.0			-4.0											
Max Temp (deg C)	2011	3	9	4	0.9	0.4	0.0	1.0	1.0			0.0											
Max Temp (deg C)	2011	3	10	4	0.9	3.8	3.0	3.0	5.0			4.0											
Max Temp (deg C)	2011	3	11	4	0.9	6.5	7.0	5.0	7.0			6.5											
Max Temp (deg C)	2011	3	12	4	0.9	3.2	3.5	3.0	3.0			3.5											
Max Temp (deg C)	2011	3	13	4	0.9	3.6	4.0	4.5	3.0			3.5											
Max Temp (deg C)	2011	3	14	4	0.87	0.7	0.5	2.0	0.0		1.0												
Max Temp (deg C)	2011	3	15	4	0.94	4.1	4.0	4.5		2.5	4.0												
Max Temp (deg C)	2011	3	16	4	0.9	3.7	3.0	4.0	4.0			4.0											
Max Temp (deg C)	2011	3	17	4	0.9	9.4	8.0	10.0	10.0			10.0											
Max Temp (deg C)	2011	3	18	4	0.87	10.4	10.0	11.0	11.0		9.0												
Max Temp (deg C)	2011	3	19	4	0.87	0.9	1.0	1.5	1.0		0.0												
Max Temp (deg C)	2011	3	20	4	0.87	3.9	4.0	4.5	4.0		3.0												
Max Temp (deg C)	2011	3	21	4	0.87	3.1	3.0	2.5	3.0		3.5												
Max Temp (deg C)	2011	3	22	4	0.9	4.2	4.0	5.0	4.0			4.5											
Max Temp (deg C)	2011	3	23	4	0.9	-1.1	-1.0	-1.0	-1.0			-1.0											
Max Temp (deg C)	2011	3	24	4	0.9	1.7	2.5	2.5	1.0			1.5											
Max Temp (deg C)	2011	3	25	4	0.9	-0.9	-0.5	-0.5	-1.0			-1.0											
Max Temp (deg C)	2011	3	26	4	0.9	0.7	0.5	1.0	1.0			0.5											
Max Temp (deg C)	2011	3	27	4	0.9	-1.4	-1.0	-0.5	-2.0			-1.0											
Max Temp (deg C)	2011	3	28	4	0.87	0.5	1.5	1.0	0.0		0.0												
Max Temp (deg C)	2011	3	29	4	0.9	4.7	5.0	5.5	4.0			5.0											
Max Temp (deg C)	2011	3	30	4	0.87	7.9	8.0	8.5	8.0		7.0												
Max Temp (deg C)	2011	3	31	4	0.9	9.5	8.5	9.5	10.0			10.0											
Max Temp (deg C)	2011	4	1	4	0.88	4.7	4.0	5.5	5.0	4.0													
Max Temp (deg C)	2011	4	2	4	0.9	11.0	11.0	11.5	10.0			12.0											
Max Temp (deg C)	2011	4	3	4	0.9	9.5	9.5	10.0	9.0			10.0											
Max Temp (deg C)	2011	4	4	4	0.9	11.0	11.0	11.5	11.0			10.0											
Max Temp (deg C)	2011	4	5	4	0.9	6.0	6.0	5.5	6.0			7.0											
Max Temp (deg C)	2011	4	6	4	0.9	4.7	4.0	4.5	5.0			5.5											
Max Temp (deg C)	2011	4	7	4	0.9	8.1	8.0	8.5	8.0			8.0											
Max Temp (deg C)	2011	4	8	4	0.87	11.6	11.5	12.5	12.0		10.0												
Max Temp (deg C)	2011	4	9	4	0.9	14.6	14.0	15.0	14.5			15.0											
Max Temp (deg C)	2011	4	10	4	0.9	17.3	17.0	18.0	17.0			17.0											
Max Temp (deg C)	2011	4	11	4	0.9	20.8	20.0	21.0	21.0			20.5											
Max Temp (deg C)	2011	4	12	4	0.9	14.2	14.0	14.5	14.0			14.0											
Max Temp (deg C)	2011	4	13	4	0.9	9.0	10.0	10.0	8.0			8.0											
Max Temp (deg C)	2011	4	14	4	0.9	9.3	9.5	9.5	9.0			9.0											
Max Temp (deg C)	2011	4	15	4	0.9	3.1	2.5	4.5	3.0			3.0											
Max Temp (deg C)	2011	4	16	4	0.9	7.8	7.0	8.5	8.0			8.0											
Max Temp (deg C)	2011	4	17	4	0.9	9.4	9.5	9.5	9.0			10.0											
Max Temp (deg C)	2011	4	18	4	0.9	5.2	5.0	5.5	5.0			6.0											
Max Temp (deg C)	2011	4	19	4	0.9	8.8	8.0	9.5	9.0			9.0											
Max Temp (deg C)	2011	4	20	4	0.89	4.7	2.0		7.0	2.5	4.0												
Max Temp (deg C)	2011	4	21	4	0.9	6.0	5.5	6.5	6.0			6.5											
Max Temp (deg C)	2011	4	22	4	0.9	12.1	12.0	12.5	12.0			12.0											
Max Temp (deg C)	2011	4	23	4	0.9	11.6	11.9		11.0		12.0	10.5											
Max Temp (deg C)	2011	4	24	4	0.9	13.5	13.5	13.5	13.0			14.0											
Max Temp (deg C)	2011	4	25	4	0.94	16.8	17.0	16.5		16.5	16.5												
Max Temp (deg C)	2011	4	26	4	0.9	13.9	13.0	14.5	14.0			14.0											
Max Temp (deg C)	2011	4	27	4	0.9	18.2	14.0	18.5	21.0			19.0											
Max Temp (deg C)	2011	4	28	4	0.9	22.4	22.5	22.5	22.0			22.0											
Max Temp (deg C)	2011	4	29	4	0.87	14.0	15.0	14.5	13.0		13.5												
Max Temp (deg C)	2011	4	30	4	0.87	17.1	17.0	17.5	17.0		16.5												
Max Temp (deg C)	2011	5	1	4	0.9	21.2	20.0	21.0	22.0			21.0											
Max Temp (deg C)	2011	5	2	4	0.9	19.4	20.5	20.0	18.5			18.0											
Max Temp (deg C)	2011	5	3	4	0.9	11.9	11.5	12.0	12.0			12.0											
Max Temp (deg C)	2011	5	4	4	0.9	8.1	8.5	8.0	8.0			8.0											
Max Temp (deg C)	2011	5	5	4	0.87	6.8	7.0	6.0	7.5		6.0												
Max Temp (deg C)	2011	5	6	4	0.9	16.2	16.0	16.0	16.0			16.5											
Max Temp (deg C)	2011	5	7	4	0.9	16.7	14.5	16.5	18.0			17.5											
Max Temp (deg C)	2011	5	8	4	0.9	16.2	15.5	16.5	17.0			15.0											
Max Temp (deg C)	2011	5	9	4	0.9	18.2	18.0	18.5	18.0			18.0											
Max Temp (deg C)	2011	5	10	4	0.9	17.8	17.0	18.0	18.0			18.0											
Max Temp (deg C)	2011	5	11	4	0.9	20.4	20.0	21.0	20.0			20.5											
Max Temp (deg C)	2011	5	12	4	0.87	21.7	21.0	22.0	22.0		21.0												
Max Temp (deg C)	2011	5	13	4	0.87	27.0	26.0	27.0	27.0		27.0												
Max Temp (deg C)	2011	5	14	4	0.87	12.8	13.0	12.0	13.0		12.5												
Max Temp (deg C)	2011	5	15	4	0.9	12.1	12.0	13.0	12.0			11.0											
Max Temp (deg C)	2011	5	16	4	0.87	7.8	6.5	6.5	9.0		8.0												
Max Temp (deg C)	2011	5	17	4	0.87	13.1	12.0	12.5	14.0		12.5												
Max Temp (deg C)	2011	5	18	4	0.9	19.7	18.0	20.0	20.0			21.0											
Max Temp (deg C)	2011	5	19	4	0.9	24.0	22.5		25.0		23.0	24.5											
Max Temp (deg C)	2011	5	20	4	0.9	24.1	24.0	24.5			24.0	23.0											
Max Temp (deg C)	2011	5	21	4	0.94	22.5	22.0	23.0		21.5	22.0												
Max Temp (deg C)	2011	5	22	4	0.9	22.5	20.5	22.5	24.0			22.0											
Max Temp (deg C)	2011	5	23	4	0.87	23.1	23.0	23.0	22.0		24.0												
Max Temp (deg C)	2011	5	24	4	0.9	24.1	25.0	24.5	23.0			23.0											
Max Temp (deg C)	2011	5	25	4	0.9	19.6	18.0	21.0	20.0			19.5											
Max Temp (deg C)	2011	5	26	4	0.88	21.7	21.0	21.0	22.0	21.5													
Max Temp (deg C)	2011	5	27	4	0.87	14.9	12.5	13.5	15.0		17.5												
Max Temp (deg C)	2011	5	28	4	0.94	20.8	18.0	22.0		20.0	21.0												
Max Temp (deg C)	2011	5	29	4	0.9	21.9	20.5	21.5	22.5			22.5											
Max Temp (deg C)	2011	5	30	4	0.88	26.3	26.5	26.5	26.0	26.0													
Max Temp (deg C)	2011	5	31	4	0.87	28.2	27.5	28.5	28.5		27.0												
Max Temp (deg C)	2011	6	1	4	0.9	30.7	29.5	31.0	31.0			30.5											
Max Temp (deg C)	2011	6	2	4	0.9	14.8	14.0	16.5	14.0			15.5											
Max Temp (deg C)	2011	6	3	4	0.9	22.3	21.5	22.5	22.5			22.0											
Max Temp (deg C)	2011	6	4	4	0.9	21.6	21.0	21.5	21.5			22.0											
Max Temp (deg C)	2011	6	5	4	0.87	23.5	23.5	24.0	23.0		23.0												
Max Temp (deg C)	2011	6	6	4	0.9	27.0	26.0	27.5	27.5			26.0											
Max Temp (deg C)	2011	6	7	4	0.9	29.3	27.5		29.5	30.0		29.0											
Max Temp (deg C)	2011	6	8	4	0.9	32.8	32.0	33.0	33.0			32.0											
Max Temp (deg C)	2011	6	9	4	0.9	28.5	28.0	27.0	29.0			29.0											
Max Temp (deg C)	2011	6	10	4	0.9	22.5	22.0	22.5	23.0			21.5											
Max Temp (deg C)	2011	6	11	4	0.87	22.5	22.0	23.0	22.0		22.5												
Max Temp (deg C)	2011	6	12	4	0.95	16.6	16.0	17.5			15.5			16.5									
Max Temp (deg C)	2011	6	13	4	0.87	15.4	14.0	15.0	16.0		15.5												
Max Temp (deg C)	2011	6	14	4	0.88	23.5	23.5	23.5	23.0	24.0													
Max Temp (deg C)	2011	6	15	4	0.89	29.3	28.5		29.0	30.0	29.0												
Max Temp (deg C)	2011	6	16	4	0.9	31.7	31.0	31.5	32.0			31.0											
Max Temp (deg C)	2011	6	17	4	0.87	28.2	28.5	29.0	27.0		28.0												
Max Temp (deg C)	2011	6	18	4	0.87	27.9	27.0	28.0	28.0		27.5												
Max Temp (deg C)	2011	6	19	4	0.9	25.0	24.0	25.0	25.5			24.5											
Max Temp (deg C)	2011	6	20	4	0.9	25.5	25.0	25.5	25.5			25.0											
Max Temp (deg C)	2011	6	21	4	0.9	27.9	27.0	28.0	28.0			28.0											
Max Temp (deg C)	2011	6	22	4	0.9	28.3	27.5	29.0	28.0			28.5											
Max Temp (deg C)	2011	6	23	4	0.9	23.6	23.0	23.5	23.5			24.0											
Max Temp (deg C)	2011	6	24	4	0.9	19.1	17.0	17.5	20.5			21.0											
Max Temp (deg C)	2011	6	25	4	0.87	22.5	21.0	23.0	23.0		22.0												
Max Temp (deg C)	2011	6	26	4	0.9	24.1	23.5	24.0	24.0			24.5											
Max Temp (deg C)	2011	7	9	4	0.9	26.1	25.5	26.5	26.0			26.0											
Max Temp (deg C)	2011	7	14	4	0.9	27.5	27.0	28.0	27.0			27.5											
Max Temp (deg C)	2011	7	18	4	0.9	28.5	28.0	29.0	28.0			28.5											
Max Temp (deg C)	2011	7	30	4	0.87	27.3	27.0	28.5	27.0		26.0												
Max Temp (deg C)	2011	8	15	4	0.9	22.9	23.0	23.0	22.5			22.5											
Max Temp (deg C)	2011	8	24	4	0.94	26.7	26.0	27.5		25.5	26.0												
Max Temp (deg C)	2011	9	21	4	0.87	23.1	22.5	23.0	23.0		23.0												
Max Temp (deg C)	2011	10	22	4	0.88	10.3	10.5	10.5	10.0	10.5													
Max Temp (deg C)	2011	11	7	4	0.87	13.4	13.0	14.0	13.0		13.5												
Max Temp (deg C)	2011	11	15	4	0.9	11.6	11.0	11.5	12.0			12.0											
Max Temp (deg C)	2011	11	26	4	0.88	8.1	7.5	7.5	9.0	7.0													
Max Temp (deg C)	2012	1	9	4	0.9	1.2	1.0	2.0	1.5			0.5											
Max Temp (deg C)	2012	1	18	4	0.89	-9.8	-9.5		-10.0	-9.5	-10.0												
Max Temp (deg C)	2012	1	19	4	0.9	-3.4	-4.0	-4.5	-2.0			-3.0											
Max Temp (deg C)	2012	1	22	4	0.87	-3.4	-7.5	-1.5	-2.0		-3.0												
Max Temp (deg C)	2012	1	27	4	0.87	1.9	1.0	2.5	2.0		2.0												
Max Temp (deg C)	2012	2	22	4	0.9	6.5	5.5	6.0	7.0			8.0											
Max Temp (deg C)	2012	3	10	4	0.9	-0.4	-1.0	0.0	0.0			0.0											
Max Temp (deg C)	2012	4	2	4	0.9	8.2	8.0	9.0	8.0			8.0											
Max Temp (deg C)	2012	6	19	4	0.9	27.6	27.5	28.5	27.0			26.5											
Max Temp (deg C)	2012	9	6	4	0.87	29.1	28.5	29.5	29.0		28.5												
Max Temp (deg C)	2012	10	10	4	0.9	14.4	14.0	15.5	14.0			14.0											
Max Temp (deg C)	2012	10	15	4	0.9	19.4	20.0	20.0	19.0			18.0											
Max Temp (deg C)	2012	11	4	4	0.89	3.7		4.0	4.0		3.5	3.5											
Max Temp (deg C)	2012	11	18	4	0.9	4.7	4.0	5.0	5.0			5.0											
Max Temp (deg C)	2012	12	4	4	0.9	13.1	13.5	13.0	13.0			12.5											
Max Temp (deg C)	2012	12	10	4	0.87	4.7	1.5	4.5	7.0		4.0												
Max Temp (deg C)	2012	12	15	4	0.87	-8.2	-9.2	-8.5	-7.5		-8.0												
Max Temp (deg C)	2012	12	23	4	0.88	-6.9		-6.5	-6.0	-8.0				-8.0									
Max Temp (deg C)	2012	12	29	4	0.87	-7.8	-9.0	-8.5	-7.0		-7.0												
Max Temp (deg C)	2013	1	11	4	0.87	3.5	3.5	3.0	4.0		3.0												
Max Temp (deg C)	2013	2	1	4	0.88	-11.0	-10.5	-11.5	-11.0	-10.5													
Max Temp (deg C)	2013	2	5	4	0.88	-8.3	-10.0	-9.0	-6.0	-10.5													
Max Temp (deg C)	2013	2	16	4	0.99	-4.4	-4.5	-4.0		-5.0				-5.0									
Max Temp (deg C)	2013	2	23	4	0.94	1.1	0.5	1.0		1.0	1.0												
Max Temp (deg C)	2013	3	17	4	0.89	-4.8		-4.5	-4.0		-6.0	-4.0											
Max Temp (deg C)	2013	3	21	4	0.89	0.7		0.5		-0.5	1.0	1.5											
Max Temp (deg C)	2013	4	9	4	0.87	7.7	8.0	8.5	7.0		7.5												
Max Temp (deg C)	2013	4	13	4	0.9	6.6	6.0	6.5	7.0			7.0											
Max Temp (deg C)	2013	4	18	4	0.93	16.9	17.0	16.5	17.0						16.0								
Max Temp (deg C)	2013	5	1	4	0.87	26.5	26.0	27.5	26.0		26.0												
Max Temp (deg C)	2013	5	26	4	0.88	11.7	11.5	11.5	12.0	11.0													
Max Temp (deg C)	2013	6	8	4	0.95	17.1	17.5			17.5			16.0	16.0									
Max Temp (deg C)	2013	7	4	4	0.87	30.2	29.5	30.5	30.0		30.0												
Max Temp (deg C)	2013	7	14	4	0.87	31.1	30.5	32.0	31.0		30.0												
Max Temp (deg C)	2013	7	15	4	0.94	32.9	32.0	33.5		33.0	32.0												
Max Temp (deg C)	2013	7	16	4	0.94	31.6	30.0	32.5		31.5	31.0												
Max Temp (deg C)	2013	7	22	4	0.87	26.1	25.0	26.5	26.0		26.0												
Max Temp (deg C)	2013	7	27	4	0.87	27.4	26.0	28.0	27.5		27.0												
Max Temp (deg C)	2013	7	31	4	0.87	27.4	27.0	28.0	27.0		27.0												
Max Temp (deg C)	2013	8	12	4	0.9	26.0	25.5	26.0	25.5			27.0											
Max Temp (deg C)	2013	9	6	4	0.9	20.1	19.5	20.0	20.0			21.0											
Max Temp (deg C)	2013	9	8	4	0.87	17.6	16.5	18.0	18.0		17.0												
Max Temp (deg C)	2013	9	10	4	1.01	22.9	20.5				23.0			24.0			25.5						
Max Temp (deg C)	2013	9	15	4	0.87	19.9	19.0	20.0	20.5		19.0												
Max Temp (deg C)	2013	9	25	4	0.9	15.8	14.5	16.0	16.0			17.0											
Max Temp (deg C)	2013	9	26	4	0.9	16.9	16.5	17.0	17.0			16.5											
Max Temp (deg C)	2013	10	6	4	0.87	19.2	19.0	19.0	19.5		18.5												
Max Temp (deg C)	2013	10	8	4	0.87	14.5	14.0	14.5	14.0		15.0												
Max Temp (deg C)	2013	10	9	4	0.9	18.5	18.0	19.0	18.0			19.0											
Max Temp (deg C)	2013	10	14	4	0.9	14.3	14.0	15.0	14.0			14.0											
Max Temp (deg C)	2013	10	18	4	0.87	15.6	15.0	15.0	16.0		15.5												
Max Temp (deg C)	2013	10	25	4	0.9	7.2	8.0	7.0	6.5			7.5											
Max Temp (deg C)	2013	10	28	4	0.9	7.2	7.0	7.0	7.0			8.0											
Max Temp (deg C)	2013	11	8	4	0.88	4.3	5.0	4.0	4.0	4.5													
Max Temp (deg C)	2013	12	6	4	0.87	3.2	3.5	3.5	3.0		3.0												
Max Temp (deg C)	2013	12	8	4	0.9	-3.2	-3.5	-3.5	-3.0			-2.0											
Max Temp (deg C)	2013	12	12	4	0.9	-8.1	-8.0	-8.5	-8.0			-7.0											
Max Temp (deg C)	2013	12	19	4	0.87	-0.8		-0.5	0.0	-2.5	-1.0												
Max Temp (deg C)	2013	12	27	4	0.9	-0.6	-1.0	0.0	-0.5			0.0											
Max Temp (deg C)	2013	12	29	4	0.88	-6.4	-8.0	-7.0	-5.0	-7.0													
Min Temp (deg C)	2001	8	22	4	1.18	17.7	16.5	17.5	17.5	18.0													
Min Temp (deg C)	2001	8	29	4	1.18	10.9	9.5	11.0	12.0	9.0													
Min Temp (deg C)	2001	8	30	4	1.18	6.3	5.0	5.5	6.5	7.0													
Min Temp (deg C)	2001	8	31	4	1.18	16.9	16.0	17.0	19.0	12.5													
Min Temp (deg C)	2006	7	31	4	1.18	13.6	12.0	13.5	15.0	11.5													
Min Temp (deg C)	2006	8	1	4	1.18	21.1	20.5	21.0	21.0	20.5													
Min Temp (deg C)	2006	8	2	4	1.18	21.3	20.0	20.5	22.5	21.0													
Min Temp (deg C)	2006	8	3	4	1.18	16.7	16.0	16.0	17.0	16.5													
Min Temp (deg C)	2006	8	4	4	1.18	18.5	18.0	18.0	19.0	17.5													
Min Temp (deg C)	2009	8	1	4	1.18	17.4	16.0	17.0	18.0	17.0													
Min Temp (deg C)	2009	8	2	4	1.18	18.5	18.0	18.5	17.5	18.5													
Min Temp (deg C)	2009	8	3	4	1.18	14.7	15.0	14.0	14.0	15.0													
Min Temp (deg C)	2009	8	4	4	1.18	17.4	17.5	17.5	16.0	17.0													
Min Temp (deg C)	2009	8	5	4	1.18	18.3	18.0	18.5	17.0	18.0													
Min Temp (deg C)	2009	8	6	4	1.18	15.9	15.5	15.5	16.0	15.0													
Min Temp (deg C)	2010	2	9	4	1.18	-8.7	-8.0	-9.5	-10.0	-8.0													
Min Temp (deg C)	2010	7	28	4	1.18	19.3	17.5	20.0	19.0	18.5													
Min Temp (deg C)	2010	7	29	4	1.18	17.9	17.0	17.0	19.0	17.5													
Min Temp (deg C)	2010	7	30	4	1.16	9.3	7.5	9.0		8.5			10.0										
Min Temp (deg C)	2010	7	31	4	1.18	9.3	7.5	9.5	9.5	8.5													
Min Temp (deg C)	2010	8	1	4	1.18	9.6	7.0	10.0	10.0	9.0													
Min Temp (deg C)	2010	8	2	4	1.18	15.5	14.0	15.0	16.0	15.5													
Min Temp (deg C)	2010	8	3	4	1.18	19.1	18.5	19.0	19.0	18.5													
Min Temp (deg C)	2010	8	4	4	1.18	20.2	19.0	20.0	21.0	19.0													
Min Temp (deg C)	2010	11	17	4	1.18	5.4	5.0	5.0	6.0	4.0													
Min Temp (deg C)	2010	11	18	4	1.18	3.3	3.0	3.0	3.0	2.5													
Min Temp (deg C)	2010	11	19	4	1.18	-2.2	-2.0	-3.0	-2.5	-2.5													
Min Temp (deg C)	2010	11	20	4	1.18	-3.0	-3.0	-4.0	-3.0	-3.0													
Min Temp (deg C)	2010	11	21	4	1.16	-4.8	-5.5	-5.0		-6.5			-4.5										
Min Temp (deg C)	2010	11	22	4	1.16	-3.5	-4.0	-4.5		-4.0			-3.0										
Min Temp (deg C)	2010	11	23	4	1.16	4.1	2.0	2.0		2.0			7.6										
Min Temp (deg C)	2010	11	24	4	1.16	-1.4	-2.0	-2.0		-1.5			-1.5										
Min Temp (deg C)	2010	11	25	4	1.16	-8.7	-9.5	-9.0		-9.5			-8.6										
Min Temp (deg C)	2010	11	26	4	1.16	-5.3	-6.0	-6.0		-6.0			-5.0										
Min Temp (deg C)	2010	11	27	4	1.28	-3.7	-4.0				-4.0	-4.5		-3.5									
Min Temp (deg C)	2010	11	28	4	1.16	-7.1	-7.0	-6.0		-10.0			-7.8										
Min Temp (deg C)	2010	11	29	4	1.18	-0.4	-1.0	-0.5	0.0	-2.0													
Min Temp (deg C)	2010	11	30	4	1.18	-1.9	-4.0	-2.0	-1.0	-2.5													
Min Temp (deg C)	2010	12	1	4	1.18	5.2	4.0	5.0	5.0	5.5													
Min Temp (deg C)	2010	12	2	4	1.18	0.7	1.0	0.5	0.0	0.0													
Min Temp (deg C)	2010	12	3	4	1.18	-1.6	-2.0	-2.0	-1.5	-2.5													
Min Temp (deg C)	2010	12	4	4	1.18	-2.5	-3.0	-3.0	-3.0	-2.0													
Min Temp (deg C)	2010	12	5	4	1.18	-5.7	-5.5	-6.5	-6.0	-6.0													
Min Temp (deg C)	2010	12	6	4	1.18	-5.1	-5.0	-6.0	-5.0	-5.5													
Min Temp (deg C)	2010	12	7	4	1.18	-5.4	-5.5	-6.0	-6.0	-5.0													
Min Temp (deg C)	2010	12	8	4	1.18	-9.1	-9.0	-9.0	-10.0	-10.0													
Min Temp (deg C)	2010	12	9	4	1.18	-13.2	-13.0	-13.0	-14.0	-15.0													
Min Temp (deg C)	2010	12	10	4	1.18	-21.2	-22.0	-21.0	-21.0	-23.0													
Min Temp (deg C)	2010	12	11	4	1.21	-7.8	-9.0		-7.0	-9.0			-7.5										
Min Temp (deg C)	2010	12	12	4	1.18	-5.8	-6.0	-6.0	-6.0	-7.0													
Min Temp (deg C)	2010	12	13	4	1.18	-3.2	-2.5	-4.0	-5.0	-2.0													
Min Temp (deg C)	2010	12	14	4	1.18	-13.9	-14.0	-15.2	-13.0	-14.5													
Min Temp (deg C)	2010	12	15	4	1.18	-18.8	-20.0	-19.5	-17.0	-21.0													
Min Temp (deg C)	2010	12	16	4	1.18	-15.6	-16.0	-17.0	-13.0	-18.0													
Min Temp (deg C)	2010	12	17	4	1.18	-15.3	-14.5	-16.5	-14.0	-18.0													
Min Temp (deg C)	2010	12	18	4	1.18	-14.4	-16.5	-15.0	-12.0	-16.5													
Min Temp (deg C)	2010	12	19	4	1.18	-7.9	-7.5	-8.0	-10.0	-7.0													
Min Temp (deg C)	2010	12	20	4	1.18	-12.3	-12.0	-14.0	-13.0	-10.0													
Min Temp (deg C)	2010	12	23	4	1.28	-5.3	-7.0		-5.0			-3.5	-3.8										
Min Temp (deg C)	2010	12	24	4	1.18	-15.2	-15.0	-15.0	-16.0	-17.0													
Min Temp (deg C)	2010	12	25	4	1.18	-18.1	-18.0	-18.0	-20.0	-18.0													
Min Temp (deg C)	2010	12	26	4	1.16	-19.7	-20.0	-19.5		-20.5			-20.5										
Min Temp (deg C)	2010	12	27	4	1.18	-13.9	-14.0	-14.5	-15.0	-13.0													
Min Temp (deg C)	2010	12	28	4	1.18	-13.6	-13.5	-12.5	-14.0	-17.5													
Min Temp (deg C)	2010	12	29	4	1.18	-13.2	-15.0	-12.0	-13.0	-16.0													
Min Temp (deg C)	2011	1	1	4	1.18	2.0	1.0	2.0	2.0	1.0													
Min Temp (deg C)	2011	1	2	4	1.17	-0.3	-1.5	-0.5	0.0		-1.0												
Min Temp (deg C)	2011	1	3	4	1.18	-4.7	-5.5	-5.0	-5.0	-5.0													
Min Temp (deg C)	2011	1	4	4	1.18	-9.3	-11.0	-10.0	-8.0	-10.0													
Min Temp (deg C)	2011	1	5	4	1.18	-11.1	-12.0	-12.5	-10.0	-11.0													
Min Temp (deg C)	2011	1	6	4	1.16	-12.5	-11.0	-12.0		-12.0			-15.5										
Min Temp (deg C)	2011	1	7	4	1.18	-11.3	-12.0	-11.5	-13.0	-10.0													
Min Temp (deg C)	2011	1	8	4	1.18	-10.3	-10.0	-10.0	-12.0	-11.0													
Min Temp (deg C)	2011	1	9	4	1.18	-6.2	-5.5	-5.5	-10.0	-5.0													
Min Temp (deg C)	2011	1	10	4	1.18	-9.0	-9.0	-9.0	-9.0				-10.0										
Min Temp (deg C)	2011	1	11	4	1.23	-12.7	-12.0		-11.0		-13.0		-17.0										
Min Temp (deg C)	2011	1	12	4	1.18	-13.0	-14.5	-13.0	-12.0	-15.0													
Min Temp (deg C)	2011	1	13	4	1.18	-8.8	-9.0	-9.0	-9.0				-9.0										
Min Temp (deg C)	2011	1	14	4	1.23	-10.8	-11.5		-10.0		-13.0			-10.0									
Min Temp (deg C)	2011	1	15	4	1.18	-16.2	-17.0	-17.0	-16.0	-16.0													
Min Temp (deg C)	2011	1	16	4	1.21	-14.7	-17.0		-14.0	-16.5			-13.0										
Min Temp (deg C)	2011	1	17	4	1.18	-23.8	-24.0	-23.5	-24.0	-26.0													
Min Temp (deg C)	2011	1	18	4	1.16	-23.6	-25.0	-23.0		-24.0			-24.5										
Min Temp (deg C)	2011	1	19	4	1.16	-8.0	-8.5	-8.0		-8.0			-9.0										
Min Temp (deg C)	2011	1	20	4	1.16	-14.1	-15.0	-13.5		-17.5			-13.6										
Min Temp (deg C)	2011	1	21	4	1.17	-14.7	-14.0	-14.5			-16.0		-16.0										
Min Temp (deg C)	2011	1	22	4	1.16	-23.1	-25.0	-21.0		-26.5			-24.0										
Min Temp (deg C)	2011	1	23	4	1.16	-25.8	-25.5	-25.0		-27.0			-27.5										
Min Temp (deg C)	2011	1	24	4	1.18	-32.2	-32.5	-32.0	-32.0	-35.0													
Min Temp (deg C)	2011	1	25	4	1.18	-24.6	-24.0	-24.0	-25.0				-26.5										
Min Temp (deg C)	2011	1	26	4	1.18	-20.2	-21.0	-20.0	-20.0	-22.0													
Min Temp (deg C)	2011	1	27	4	1.18	-9.1	-9.0	-9.0	-11.0	-9.0													
Min Temp (deg C)	2011	1	28	4	1.18	-8.6	-10.0	-8.0	-9.0	-10.0													
Min Temp (deg C)	2011	1	29	4	1.16	-9.5	-9.0	-9.0		-9.0			-12.0										
Min Temp (deg C)	2011	1	30	4	1.18	-20.1	-21.0	-20.0	-19.0	-23.0													
Min Temp (deg C)	2011	1	31	4	1.18	-25.0	-25.0	-25.5	-25.0	-26.0													
Min Temp (deg C)	2011	2	1	4	1.18	-20.0	-22.5	-19.0	-20.0	-21.5													
Min Temp (deg C)	2011	2	2	4	1.18	-20.0	-20.0	-20.5	-19.0	-22.5													
Min Temp (deg C)	2011	2	3	4	1.18	-18.5	-20.0	-18.0	-17.0	-22.0													
Min Temp (deg C)	2011	2	4	4	1.18	-11.6	-13.5	-10.0	-11.0	-16.0													
Min Temp (deg C)	2011	2	5	4	1.18	-10.0	-11.0	-9.5	-10.0	-12.0													
Min Temp (deg C)	2011	2	6	4	1.18	-3.9	-4.0	-4.0	-5.0	-4.0													
Min Temp (deg C)	2011	2	7	4	1.18	-4.4	-7.0	-4.0	-2.0	-8.0													
Min Temp (deg C)	2011	2	8	4	1.18	-12.2	-11.0	-12.0	-15.0	-12.0													
Min Temp (deg C)	2011	2	9	4	1.18	-20.5	-21.0	-20.0	-20.0	-24.0													
Min Temp (deg C)	2011	2	10	4	1.18	-16.2	-15.0	-16.0	-18.0				-17.5										
Min Temp (deg C)	2011	2	11	4	1.18	-19.2	-22.0	-17.0	-16.0				-22.4										
Min Temp (deg C)	2011	2	12	4	1.18	-14.5	-15.0	-14.5	-14.0	-17.0													
Min Temp (deg C)	2011	2	13	4	1.18	-18.2	-22.0	-18.0	-16.0				-16.8										
Min Temp (deg C)	2011	2	14	4	1.23	-5.2	-6.5		-5.0		-6.0		-4.4										
Min Temp (deg C)	2011	2	15	4	1.18	-19.1	-19.5	-18.5	-19.0	-22.0													
Min Temp (deg C)	2011	2	16	4	1.18	-18.7	-21.0	-18.0	-18.0	-21.0													
Min Temp (deg C)	2011	2	17	4	1.18	-5.0	-7.0	-6.0	-2.0	-7.0													
Min Temp (deg C)	2011	2	18	4	1.21	1.3	0.5		1.0	1.0			1.0										
Min Temp (deg C)	2011	2	19	4	1.21	-9.1	-9.0		-10.0	-9.0			-10.0										
Min Temp (deg C)	2011	2	20	4	1.18	-13.5	-14.0	-13.5	-13.0	-16.0													
Min Temp (deg C)	2011	2	21	4	1.18	-15.8	-16.0	-16.0	-16.0	-17.0													
Min Temp (deg C)	2011	2	22	4	1.18	-18.8	-18.0	-18.5	-19.0	-22.0													
Min Temp (deg C)	2011	2	23	4	1.18	-19.6	-20.0	-19.5	-20.0	-21.0													
Min Temp (deg C)	2011	2	24	4	1.18	-18.4	-20.0	-17.0	-19.0	-21.0													
Min Temp (deg C)	2011	2	25	4	1.18	-6.5	-8.0	-7.0	-5.0	-8.0													
Min Temp (deg C)	2011	2	26	4	1.18	-16.8	-15.5	-18.0	-16.0	-19.0													
Min Temp (deg C)	2011	2	27	4	1.18	-14.6	-15.0	-15.0	-15.0	-15.0													
Min Temp (deg C)	2011	2	28	4	1.18	-10.2	-10.5	-11.0	-11.0	-9.0													
Min Temp (deg C)	2011	3	1	4	1.18	-12.2	-11.5	-11.0	-12.0	-18.0													
Min Temp (deg C)	2011	3	2	4	1.16	-11.2	-11.5	-10.0		-13.0			-12.5										
Min Temp (deg C)	2011	3	3	4	1.18	-23.1	-24.5	-22.5	-21.0	-28.0													
Min Temp (deg C)	2011	3	4	4	1.18	-21.0	-24.0	-20.5	-19.0	-24.0													
Min Temp (deg C)	2011	3	5	4	1.21	-1.5	-6.0		0.0	-1.0			-0.5										
Min Temp (deg C)	2011	3	6	4	1.16	-3.5	-4.0	-4.0		-4.0			-3.6										
Min Temp (deg C)	2011	3	7	4	1.18	-9.6	-10.0	-10.0	-10.0	-10.0													
Min Temp (deg C)	2011	3	8	4	1.18	-18.9	-19.0	-18.0	-20.0	-21.0													
Min Temp (deg C)	2011	3	9	4	1.18	-17.5	-19.0	-16.5	-19.0	-18.0													
Min Temp (deg C)	2011	3	10	4	1.18	-2.3	-2.5	-2.5	-3.0	-2.5													
Min Temp (deg C)	2011	3	11	4	1.18	1.7	1.0	1.0	2.0	1.5													
Min Temp (deg C)	2011	3	12	4	1.18	0.7	0.5	0.5	0.0	0.5													
Min Temp (deg C)	2011	3	13	4	1.18	0.8	0.5	1.0	0.0	0.0													
Min Temp (deg C)	2011	3	14	4	1.18	-5.4	-6.5	-5.5	-5.0	-6.5													
Min Temp (deg C)	2011	3	15	4	1.18	-8.5	-10.5	-8.0	-9.0	-8.5													
Min Temp (deg C)	2011	3	16	4	1.18	-2.6	-5.0	-2.5	-3.0	-1.5													
Min Temp (deg C)	2011	3	17	4	1.18	1.4	1.0	1.0	1.0	1.0													
Min Temp (deg C)	2011	3	18	4	1.18	3.2	2.0	3.0	3.0	3.0													
Min Temp (deg C)	2011	3	19	4	1.18	-4.0	-4.0	-4.0	-4.0	-6.0													
Min Temp (deg C)	2011	3	20	4	1.18	-6.4	-8.0	-6.0	-6.0	-8.0													
Min Temp (deg C)	2011	3	21	4	1.18	-1.1	-2.3	-1.0	-1.0	-2.0													
Min Temp (deg C)	2011	3	22	4	1.18	-0.6	-1.0	-1.0	-1.0	-1.0													
Min Temp (deg C)	2011	3	23	4	1.18	-7.2	-7.5	-7.5	-7.0	-8.5													
Min Temp (deg C)	2011	3	24	4	1.18	-5.8	-7.0	-6.0	-6.0	-6.0													
Min Temp (deg C)	2011	3	25	4	1.18	-4.5	-5.0	-4.5	-5.0	-5.5													
Min Temp (deg C)	2011	3	26	4	1.18	-6.4	-7.0	-6.5	-7.0	-7.0													
Min Temp (deg C)	2011	3	27	4	1.18	-9.4	-10.0	-9.5	-9.0	-11.0													
Min Temp (deg C)	2011	3	28	4	1.18	-4.8	-5.0	-5.0	-5.0	-6.0													
Min Temp (deg C)	2011	3	29	4	1.18	-3.1	-3.0	-2.5	-4.0	-5.5													
Min Temp (deg C)	2011	3	30	4	1.18	-2.9	-3.0	-3.0	-4.0	-3.0													
Min Temp (deg C)	2011	3	31	4	1.18	-2.5	-3.5	-3.0	-2.0	-3.0													
Min Temp (deg C)	2011	4	1	4	1.18	-0.1	-1.5	-1.0	0.0	1.0													
Min Temp (deg C)	2011	4	2	4	1.18	0.2	0.0	0.0	0.0	-1.0													
Min Temp (deg C)	2011	4	3	4	1.18	-0.2	-0.5	0.0	-1.0	-1.0													
Min Temp (deg C)	2011	4	4	4	1.18	-0.0	0.5	-1.0	0.0	-0.5													
Min Temp (deg C)	2011	4	5	4	1.18	2.8	3.0	3.0	1.0	3.0													
Min Temp (deg C)	2011	4	6	4	1.18	-0.7	-1.5	-1.0	-1.0	-1.0													
Min Temp (deg C)	2011	4	7	4	1.18	-3.8	-4.0	-5.0	-4.0	-3.0													
Min Temp (deg C)	2011	4	8	4	1.18	-3.4	-4.0	-4.0	-3.0	-4.0													
Min Temp (deg C)	2011	4	9	4	1.18	1.1	1.0	1.0	0.0	1.0													
Min Temp (deg C)	2011	4	10	4	1.18	1.3	-0.5	1.5	2.0	0.0													
Min Temp (deg C)	2011	4	11	4	1.18	9.5	10.0	9.0	9.0	9.0													
Min Temp (deg C)	2011	4	12	4	1.18	4.0	3.5	4.0	4.0	2.5													
Min Temp (deg C)	2011	4	13	4	1.18	2.2	1.0	2.0	3.0	1.0													
Min Temp (deg C)	2011	4	14	4	1.18	2.1	1.5	2.0	2.0	1.0													
Min Temp (deg C)	2011	4	15	4	1.18	-4.2	-5.0	-4.5	-4.0	-5.0													
Min Temp (deg C)	2011	4	16	4	1.18	-2.7	-3.0	-3.5	-2.0	-4.0													
Min Temp (deg C)	2011	4	17	4	1.18	1.2	0.5	0.5	2.0	0.0													
Min Temp (deg C)	2011	4	18	4	1.18	0.9	1.0	1.0	0.0	0.0													
Min Temp (deg C)	2011	4	19	4	1.18	0.4	0.0	0.5	0.0	-1.0													
Min Temp (deg C)	2011	4	20	4	1.18	0.6	0.0	0.0	1.0	0.0													
Min Temp (deg C)	2011	4	21	4	1.21	0.5	0.0		0.0	1.0			-0.5										
Min Temp (deg C)	2011	4	22	4	1.18	-1.0	-2.0	-1.0	-1.0	-2.0													
Min Temp (deg C)	2011	4	23	4	1.18	2.8	2.0	2.0	3.0	3.0													
Min Temp (deg C)	2011	4	24	4	1.18	7.0	5.0	7.5	7.0	6.0													
Min Temp (deg C)	2011	4	25	4	1.24	1.7	0.0			1.0	1.5		2.0										
Min Temp (deg C)	2011	4	26	4	1.18	8.8	7.5	8.0	10.0	8.0													
Min Temp (deg C)	2011	4	27	4	1.18	7.0	6.0	6.5	8.0	6.0													
Min Temp (deg C)	2011	4	28	4	1.18	9.1	8.0	8.0	11.0	8.0													
Min Temp (deg C)	2011	4	29	4	1.18	8.1	7.0	8.0	9.0	6.0													
Min Temp (deg C)	2011	4	30	4	1.18	4.6	4.0	4.0	5.0	4.0													
Min Temp (deg C)	2011	5	1	4	1.18	3.2	2.5	3.0	3.0	2.5													
Min Temp (deg C)	2011	5	2	4	1.18	9.7	6.0	10.0	10.0	11.0													
Min Temp (deg C)	2011	5	3	4	1.18	9.1	9.5	8.5	8.0	9.5													
Min Temp (deg C)	2011	5	4	4	1.18	6.2	6.0	5.5	6.0	6.0													
Min Temp (deg C)	2011	5	5	4	1.18	5.0	5.0	4.5	5.0	4.0													
Min Temp (deg C)	2011	5	6	4	1.18	4.2	4.0	4.0	4.0	3.0													
Min Temp (deg C)	2011	5	7	4	1.18	6.2	5.5	5.5	7.0	5.5													
Min Temp (deg C)	2011	5	8	4	1.21	6.0	5.0		7.0	4.0			6.5										
Min Temp (deg C)	2011	5	9	4	1.18	8.0	9.0	8.0	8.0	5.0													
Min Temp (deg C)	2011	5	10	4	1.18	4.9	4.5	5.0	4.0	4.5													
Min Temp (deg C)	2011	5	11	4	1.18	5.1	5.0	5.0	5.0				4.5										
Min Temp (deg C)	2011	5	12	4	1.16	5.6	4.5	5.5		4.0			6.0										
Min Temp (deg C)	2011	5	13	4	1.18	7.4	7.0	6.5	8.0	7.0													
Min Temp (deg C)	2011	5	14	4	1.18	10.4	10.0	10.0	11.0	9.0													
Min Temp (deg C)	2011	5	15	4	1.18	7.5	7.0	7.5	7.0	7.0													
Min Temp (deg C)	2011	5	16	4	1.18	5.8	5.0	5.5	6.0	5.0													
Min Temp (deg C)	2011	5	17	4	1.18	5.8	5.0	5.5	6.0	5.0													
Min Temp (deg C)	2011	5	18	4	1.18	8.4	8.0	8.0	9.0	7.0													
Min Temp (deg C)	2011	5	19	4	1.18	15.3	15.0	15.0	15.0	15.0													
Min Temp (deg C)	2011	5	20	4	1.22	13.2	12.5		13.0	12.0	13.0												
Min Temp (deg C)	2011	5	21	4	1.18	14.1	13.0	14.5	14.0	13.0													
Min Temp (deg C)	2011	5	22	4	1.18	9.0	8.0	8.5	9.5	8.5													
Min Temp (deg C)	2011	5	23	4	1.18	15.2	15.0	15.0	15.0	14.5													
Min Temp (deg C)	2011	5	24	4	1.18	16.7	16.5	16.5	16.0	16.5													
Min Temp (deg C)	2011	5	25	4	1.18	8.9	8.0	8.5	9.0	8.5													
Min Temp (deg C)	2011	5	26	4	1.21	12.0	11.0		13.0	11.0			11.4										
Min Temp (deg C)	2011	5	27	4	1.18	10.2	10.0	9.5	10.0	10.0													
Min Temp (deg C)	2011	5	28	4	1.18	10.2	9.5	10.0	10.0	10.0													
Min Temp (deg C)	2011	5	29	4	1.18	15.3	14.5	13.0	18.0	15.0													
Min Temp (deg C)	2011	5	30	4	1.17	16.2	15.5	16.0					16.5	15.5									
Min Temp (deg C)	2011	5	31	4	1.18	16.3	15.5	16.0	17.0	15.0													
Min Temp (deg C)	2011	6	1	4	1.16	21.8	20.5	22.0		20.0			22.2										
Min Temp (deg C)	2011	6	2	4	1.18	12.5	12.0	12.0	12.0	13.0													
Min Temp (deg C)	2011	6	3	4	1.18	9.5	9.5	9.0	9.0	9.5													
Min Temp (deg C)	2011	6	4	4	1.18	7.0	6.0	7.0	8.0	4.5													
Min Temp (deg C)	2011	6	5	4	1.18	11.0	10.0	11.0	11.0	10.0													
Min Temp (deg C)	2011	6	6	4	1.18	11.4	10.5	11.5	11.0	11.0													
Min Temp (deg C)	2011	6	7	4	1.18	15.8	15.0	15.0	16.0	16.0													
Min Temp (deg C)	2011	6	8	4	1.16	19.4	19.5	20.0		18.5			18.0										
Min Temp (deg C)	2011	6	9	4	1.21	19.0	18.0		20.0	18.0			18.5										
Min Temp (deg C)	2011	6	10	4	1.18	13.1	11.5	13.0	14.0	12.0													
Min Temp (deg C)	2011	6	11	4	1.18	13.7	12.5	13.5	14.0	13.0													
Min Temp (deg C)	2011	6	12	4	1.16	13.6	13.0	13.5		13.0			13.2										
Min Temp (deg C)	2011	6	13	4	1.18	12.5	11.5	12.0	13.0	12.0													
Min Temp (deg C)	2011	6	14	4	1.18	11.1	11.0	11.0	10.0	11.0													
Min Temp (deg C)	2011	6	15	4	1.18	13.3	12.0	13.5	13.5	12.0													
Min Temp (deg C)	2011	6	16	4	1.18	16.5	15.0	17.0	16.0	16.0													
Min Temp (deg C)	2011	6	17	4	1.18	16.8	14.0	16.5	18.0	17.0													
Min Temp (deg C)	2011	6	18	4	1.18	17.4	16.0	17.0	18.0	17.0													
Min Temp (deg C)	2011	6	19	4	1.18	9.8	7.0	10.5	10.0	9.0													
Min Temp (deg C)	2011	6	20	4	1.18	10.5	8.5	11.0	11.0	9.0													
Min Temp (deg C)	2011	6	21	4	1.18	12.0	10.0	12.0	13.0	11.0													
Min Temp (deg C)	2011	6	22	4	1.18	12.7	11.0	13.0	13.5	11.0													
Min Temp (deg C)	2011	6	23	4	1.18	17.7	18.0	17.0	17.5	17.5													
Min Temp (deg C)	2011	6	24	4	1.18	15.6	15.0	15.5	16.0	14.0													
Min Temp (deg C)	2011	6	25	4	1.18	14.8	14.5	14.5	15.0	13.5													
Min Temp (deg C)	2011	6	26	4	1.22	17.3	15.0		18.0	17.0	17.0												
Min Temp (deg C)	2011	6	27	4	1.18	13.9	12.0	14.0	16.0				13.2										
Min Temp (deg C)	2011	7	2	4	1.18	17.4	16.0	17.5	17.5	17.0													
Min Temp (deg C)	2011	7	5	4	1.18	17.0	17.0	17.0	17.0	15.0													
Min Temp (deg C)	2011	7	6	4	1.18	19.3	17.5	19.5	19.0	19.5													
Min Temp (deg C)	2011	7	10	4	1.18	14.3	12.5	14.5	15.0	13.0													
Min Temp (deg C)	2011	7	14	4	1.18	12.4	11.0	12.0	13.0	12.0													
Min Temp (deg C)	2011	7	18	4	1.18	20.1	19.5	20.0	20.0	19.5													
Min Temp (deg C)	2011	8	1	4	1.21	17.2	17.5		18.0	17.0			15.0										
Min Temp (deg C)	2011	8	24	4	1.16	16.1	14.0	17.5		13.5			16.0										
Min Temp (deg C)	2011	10	5	4	1.18	8.1	7.0	8.0	8.0	8.0													
Min Temp (deg C)	2011	11	26	4	1.18	3.2	4.0	2.5	1.2	4.5													
Min Temp (deg C)	2011	12	9	4	1.21	-2.1	-1.0	-3.0		-2.5	-3.0												
Min Temp (deg C)	2012	1	19	4	1.18	-24.0	-25.0	-25.0	-22.0	-26.0													
Min Temp (deg C)	2012	2	12	4	1.18	-21.8	-21.0	-22.5	-22.0	-23.0													
Min Temp (deg C)	2012	2	23	4	1.18	0.3	-0.5	0.0	0.0	0.0													
Min Temp (deg C)	2012	3	10	4	1.18	-8.0	-9.0	-8.0	-8.0	-9.0													
Min Temp (deg C)	2012	4	19	4	1.18	-0.4	-2.5	-1.0	1.0				0.6										
Min Temp (deg C)	2012	6	15	4	1.18	10.0	9.0	9.0	11.0	10.0													
Min Temp (deg C)	2012	6	20	4	1.18	21.2	21.5	21.0	21.0	20.0													
Min Temp (deg C)	2012	8	19	4	1.16	9.7	10.0	9.5		9.0			9.0										
Min Temp (deg C)	2012	12	5	4	1.18	-0.5	-0.5	-1.0	-1.0	-1.0													
Min Temp (deg C)	2012	12	23	4	1.16	-9.9	-10.0	-10.5		-12.5			-8.7										
Min Temp (deg C)	2012	12	25	4	1.18	-16.2	-17.5	-16.5	-14.0	-19.5													
Min Temp (deg C)	2013	1	1	4	1.18	-14.3	-14.5	-13.0	-15.0	-18.0													
Min Temp (deg C)	2013	1	5	4	1.34	-13.7	-14.6							-15.5	-11.0			-15.0					
Min Temp (deg C)	2013	1	26	4	1.18	-21.6	-23.0	-22.0	-20.0	-24.0													
Min Temp (deg C)	2013	2	2	4	1.18	-18.0	-19.0	-18.5	-17.0	-19.5													
Min Temp (deg C)	2013	2	6	4	1.18	-12.4	-12.0	-13.5	-13.0	-12.0													
Min Temp (deg C)	2013	2	23	4	1.18	-5.3	-6.0	-5.5	-6.0	-5.0													
Min Temp (deg C)	2013	2	24	4	1.18	0.1	0.0	-0.5	0.0	-0.5													
Min Temp (deg C)	2013	3	17	4	1.18	-10.3	-10.5	-11.0	-10.0	-11.0													
Min Temp (deg C)	2013	3	18	4	1.18	-13.0	-13.0	-13.5	-12.0	-15.5													
Min Temp (deg C)	2013	3	26	4	1.18	-1.4	-1.5	-1.5	-1.5	-3.0													
Min Temp (deg C)	2013	4	1	4	1.18	1.1	0.5	1.0	1.0				1.0										
Min Temp (deg C)	2013	4	8	4	1.18	2.6	2.0	2.0	3.0	2.0													
Min Temp (deg C)	2013	4	14	4	1.18	1.7	1.5	1.0	2.0	1.0													
Min Temp (deg C)	2013	4	18	4	1.16	1.1		0.5	2.0	0.0			1.0										
Min Temp (deg C)	2013	4	27	4	1.18	-0.9	-1.0	-2.0	0.0	-2.0													
Min Temp (deg C)	2013	4	30	4	1.18	11.1	11.5	10.5	11.0	10.0													
Min Temp (deg C)	2013	6	15	4	1.21	9.4	10.0		10.0	8.0			8.0										
Min Temp (deg C)	2013	6	16	4	1.18	11.7	11.0	11.5	11.0	12.0													
Min Temp (deg C)	2013	6	24	4	1.18	19.4	19.0	19.0	20.0	18.0													
Min Temp (deg C)	2013	7	5	4	1.18	20.0	20.0	19.0	20.0	20.0													
Min Temp (deg C)	2013	7	15	4	1.22	19.8	19.0		20.0	19.0	19.0												
Min Temp (deg C)	2013	7	16	4	1.24	19.7	20.0			19.0	19.0		19.0										
Min Temp (deg C)	2013	7	17	4	1.21	22.2	22.5		22.0	22.0			21.0										
Min Temp (deg C)	2013	7	18	4	1.22	19.9	19.0		20.0	19.5	19.0												
Min Temp (deg C)	2013	7	23	4	1.18	17.4	17.0	16.5	18.0	17.0													
Min Temp (deg C)	2013	8	1	4	1.18	15.7	15.5	15.0	16.0	15.0													
Min Temp (deg C)	2013	8	4	4	1.18	12.9	13.0	12.0	13.5	12.0													
Min Temp (deg C)	2013	8	8	4	1.18	19.1	18.0	19.0	19.0	19.0													
Min Temp (deg C)	2013	8	13	4	1.21	14.0	13.0		14.0	13.5			14.0										
Min Temp (deg C)	2013	8	19	4	1.22	15.2			15.0	14.5	15.0		14.8										
Min Temp (deg C)	2013	8	21	4	1.22	18.5			18.0	18.0	18.0		18.2										
Min Temp (deg C)	2013	9	5	4	1.21	8.8	8.0		9.0	7.5			9.0										
Min Temp (deg C)	2013	9	6	4	1.21	4.4	4.0		4.0	4.0			4.0										
Min Temp (deg C)	2013	9	9	4	1.18	4.9	5.0	4.5	5.0	3.5													
Min Temp (deg C)	2013	9	11	4	1.18	16.9	16.0	15.0	19.0	17.0													
Min Temp (deg C)	2013	9	16	4	1.18	7.5	7.0	7.0	7.5	7.0													
Min Temp (deg C)	2013	9	23	4	1.18	5.2	5.5	4.5	5.0	4.5													
Min Temp (deg C)	2013	9	26	4	1.18	3.4	3.0	3.0	4.0				2.8										
Min Temp (deg C)	2013	9	27	4	1.18	8.5	7.0	7.0	10.0	9.0													
Min Temp (deg C)	2013	9	30	4	1.18	7.2	5.5	7.0	8.0	6.5													
Min Temp (deg C)	2013	10	7	4	1.18	11.6	11.0	11.5	11.0	11.5													
Min Temp (deg C)	2013	10	9	4	1.18	2.2	2.0	1.0	3.0	2.0													
Min Temp (deg C)	2013	10	19	4	1.18	5.8	6.0	5.0	6.0				5.5										
Min Temp (deg C)	2013	10	26	4	1.18	-0.5	-1.5	-0.5	0.0	-2.0													
Min Temp (deg C)	2013	10	28	4	1.18	1.5	1.0	1.5	1.0	1.0													
Min Temp (deg C)	2013	11	9	4	1.16	-0.3		-0.5		-2.0	-2.0		0.5										
Min Temp (deg C)	2013	12	3	4	1.18	-1.6	-2.0	-2.0	-2.0	-2.0													
Min Temp (deg C)	2013	12	6	4	1.18	1.2	0.0	1.0	1.0	1.0													
Min Temp (deg C)	2013	12	13	4	1.29	-18.5	-19.0				-21.0			-17.5	-17.0								
Min Temp (deg C)	2013	12	20	4	1.18	-8.5	-9.5	-9.0	-9.0				-7.5										
Min Temp (deg C)	2013	12	26	4	1.18	-19.6	-20.0	-19.5	-20.0	-21.0													
Min Temp (deg C)	2013	12	28	4	1.16	-12.3		-13.0	-9.0	-17.0			-10.0										
Mean Temp (deg C)	2001	8	22	4	0.8	23.1	22.3	22.8	23.0	23.0													
Mean Temp (deg C)	2001	8	29	4	0.8	15.3	14.5	15.5	15.8	14.0													
Mean Temp (deg C)	2001	8	30	4	0.8	15.3	14.3	14.8	15.3	15.5													
Mean Temp (deg C)	2001	8	31	4	0.8	21.9	21.3	22.3	22.5	19.8													
Mean Temp (deg C)	2005	11	14	4	0.8	7.1	7.0	7.3	6.8	6.3													
Mean Temp (deg C)	2006	7	30	4	0.8	18.0	17.5	17.0	18.8	17.3													
Mean Temp (deg C)	2006	7	31	4	0.8	20.6	19.5	20.8	21.0	19.3													
Mean Temp (deg C)	2006	8	1	4	0.8	27.2	26.5	27.3	27.3	26.3													
Mean Temp (deg C)	2006	8	2	4	0.8	25.4	24.0	24.8	26.3	24.8													
Mean Temp (deg C)	2006	8	3	4	0.8	22.3	21.8	21.8	22.3	22.0													
Mean Temp (deg C)	2006	8	4	4	0.8	23.9	23.5	23.8	23.8	23.5													
Mean Temp (deg C)	2009	7	31	4	0.8	19.8	19.3	19.8	19.5	19.5													
Mean Temp (deg C)	2009	8	1	4	0.8	22.6	21.5	22.3	23.0	22.0													
Mean Temp (deg C)	2009	8	2	4	0.8	21.3	20.8	20.5	21.0	21.8													
Mean Temp (deg C)	2009	8	3	4	0.8	19.9	20.0	19.3	19.5	19.8													
Mean Temp (deg C)	2009	8	4	4	0.8	22.8	22.8	23.0	22.0	22.5													
Mean Temp (deg C)	2009	8	5	4	0.8	21.3	21.0	21.5	20.5	21.5													
Mean Temp (deg C)	2009	8	6	4	0.8	19.7	19.5	19.3	19.5	19.3													
Mean Temp (deg C)	2009	11	22	4	0.8	2.1	1.0	1.8	2.5	2.0													
Mean Temp (deg C)	2009	12	31	4	0.8	-6.5	-8.3	-6.3	-5.5	-7.5													
Mean Temp (deg C)	2010	2	9	4	0.8	-6.1	-5.5	-6.0	-7.0	-6.0													
Mean Temp (deg C)	2010	7	28	4	0.8	24.2	23.3	24.8	23.8	23.8													
Mean Temp (deg C)	2010	7	29	4	0.8	20.6	20.0	20.0	21.0	19.8													
Mean Temp (deg C)	2010	7	30	4	0.82	14.4	13.5	14.8		14.0	13.3												
Mean Temp (deg C)	2010	7	31	4	0.8	16.8	15.8	17.3	16.5	16.5													
Mean Temp (deg C)	2010	8	1	4	0.8	18.4	16.8	18.8	18.5	18.0													
Mean Temp (deg C)	2010	8	2	4	0.8	22.0	21.0	22.0	21.8	21.8													
Mean Temp (deg C)	2010	8	3	4	0.8	22.0	21.8	22.0	21.5	21.8													
Mean Temp (deg C)	2010	8	4	4	0.8	24.9	24.3	24.8	25.0	24.0													
Mean Temp (deg C)	2010	11	6	4	0.8	2.3	2.3	2.0	2.0	2.0													
Mean Temp (deg C)	2010	11	16	4	0.82	6.0	5.8	5.5		6.3	5.3												
Mean Temp (deg C)	2010	11	17	4	0.8	8.3	7.8	8.0	9.0	7.0													
Mean Temp (deg C)	2010	11	18	4	0.77	4.2	4.0	4.3		3.8			3.9										
Mean Temp (deg C)	2010	11	19	4	0.78	0.5	0.5	0.5	0.5				0.2										
Mean Temp (deg C)	2010	11	20	4	0.82	0.5	0.8	0.5		0.5	-0.6												
Mean Temp (deg C)	2010	11	21	4	0.82	-1.5	-2.5	-1.0		-2.5	-2.5												
Mean Temp (deg C)	2010	11	22	4	0.82	2.2	0.3	2.0		1.3	2.5												
Mean Temp (deg C)	2010	11	23	4	0.81	9.1	7.3			7.0		10.3	10.8										
Mean Temp (deg C)	2010	11	24	4	0.82	0.2	0.0	0.0		-0.3	-0.5												
Mean Temp (deg C)	2010	11	25	4	0.81	-3.9	-4.8			-4.3	-4.3		-3.7										
Mean Temp (deg C)	2010	11	26	4	0.82	-1.1	-1.8	-1.3		-1.8	-1.5												
Mean Temp (deg C)	2010	11	27	4	0.86	-1.5	-1.5				-2.0			-1.5	-2.0								
Mean Temp (deg C)	2010	11	28	4	0.82	-2.9	-3.0	-1.8		-4.8	-4.5												
Mean Temp (deg C)	2010	11	29	4	0.82	2.5	2.0	3.0		1.5	1.5												
Mean Temp (deg C)	2010	11	30	4	0.8	3.6	2.3	3.0	4.5	3.0													
Mean Temp (deg C)	2010	12	1	4	0.8	9.0	8.0	8.8	9.3	8.5													
Mean Temp (deg C)	2010	12	2	4	0.78	2.4	2.5	2.5	1.8		2.0												
Mean Temp (deg C)	2010	12	3	4	0.8	0.9	0.8	0.8	0.8	0.3													
Mean Temp (deg C)	2010	12	4	4	0.8	-1.8	-2.0	-2.0	-2.5	-1.3													
Mean Temp (deg C)	2010	12	5	4	0.8	-4.5	-4.3	-5.0	-4.5	-5.0													
Mean Temp (deg C)	2010	12	6	4	0.8	-4.2	-4.0	-4.5	-4.5	-4.3													
Mean Temp (deg C)	2010	12	7	4	0.8	-5.0	-5.0	-5.3	-5.5	-4.8													
Mean Temp (deg C)	2010	12	8	4	0.8	-8.4	-8.0	-8.0	-9.0	-9.0													
Mean Temp (deg C)	2010	12	9	4	0.78	-11.2	-11.0	-10.5	-12.0		-11.8												
Mean Temp (deg C)	2010	12	10	4	0.8	-11.3	-12.0		-10.5	-12.0	-12.5												
Mean Temp (deg C)	2010	12	11	4	0.8	-3.3	-4.5		-3.0	-4.5	-3.3												
Mean Temp (deg C)	2010	12	12	4	0.8	0.5	0.0	-0.5	1.0	0.3													
Mean Temp (deg C)	2010	12	13	4	0.8	-0.3	0.5	-0.8	-1.0	0.0													
Mean Temp (deg C)	2010	12	14	4	0.8	-11.4	-11.0	-11.9	-11.5	-11.5													
Mean Temp (deg C)	2010	12	15	4	0.8	-14.9	-15.5	-15.3	-14.0	-16.0													
Mean Temp (deg C)	2010	12	16	4	0.8	-11.6	-12.5	-12.5	-10.0	-13.0													
Mean Temp (deg C)	2010	12	17	4	0.77	-10.6	-11.3	-10.8		-11.8			-9.6										
Mean Temp (deg C)	2010	12	18	4	0.78	-8.8	-10.5	-8.0	-6.0				-9.8										
Mean Temp (deg C)	2010	12	19	4	0.8	-6.1	-5.5	-5.8	-7.5	-5.3													
Mean Temp (deg C)	2010	12	20	4	0.8	-8.0	-7.5	-9.0	-8.5	-7.0													
Mean Temp (deg C)	2010	12	21	4	0.8	-3.7	-3.5	-3.5	-4.5	-3.5													
Mean Temp (deg C)	2010	12	22	4	0.8	-2.6	-2.5		-3.0		-2.8		-2.8										
Mean Temp (deg C)	2010	12	23	4	0.83	-3.3	-4.0		-3.0			-2.3	-2.9										
Mean Temp (deg C)	2010	12	24	4	0.8	-11.3	-11.5	-10.0	-11.3	-13.3													
Mean Temp (deg C)	2010	12	25	4	0.8	-12.9	-12.5	-12.0	-13.5	-14.3													
Mean Temp (deg C)	2010	12	26	4	0.82	-14.3	-14.3	-14.0		-14.0	-16.0												
Mean Temp (deg C)	2010	12	27	4	0.8	-11.4	-11.3	-11.8	-12.0	-10.8													
Mean Temp (deg C)	2010	12	28	4	0.8	-9.7	-9.3	-8.8	-9.5	-12.3													
Mean Temp (deg C)	2010	12	29	4	0.8	-7.0	-8.0	-6.3	-6.5	-8.5													
Mean Temp (deg C)	2011	1	1	4	0.8	5.3	3.8	6.3	5.5	4.0													
Mean Temp (deg C)	2011	1	2	4	0.83	1.5	1.0	1.5	1.8			1.5											
Mean Temp (deg C)	2011	1	3	4	0.8	-3.2	-3.8	-3.5	-3.0	-3.5													
Mean Temp (deg C)	2011	1	4	4	0.8	-6.2	-7.3	-6.5	-5.5	-6.8													
Mean Temp (deg C)	2011	1	5	4	0.78	-7.5	-7.5	-8.0	-7.0		-8.0												
Mean Temp (deg C)	2011	1	6	4	0.82	-8.2	-7.8	-8.5		-8.5	-8.8												
Mean Temp (deg C)	2011	1	7	4	0.8	-7.5	-7.5	-7.5	-8.5	-6.5													
Mean Temp (deg C)	2011	1	8	4	0.8	-6.7	-6.5	-6.3	-7.5	-6.8													
Mean Temp (deg C)	2011	1	9	4	0.8	-4.5	-3.8	-3.5	-6.5	-3.8													
Mean Temp (deg C)	2011	1	10	4	0.78	-7.8	-7.0	-7.3	-8.0				-8.8										
Mean Temp (deg C)	2011	1	11	4	0.8	-9.1	-8.8		-8.0		-9.8		-10.8										
Mean Temp (deg C)	2011	1	12	4	0.8	-9.0	-9.8	-8.8	-8.5	-10.0													
Mean Temp (deg C)	2011	1	13	4	0.78	-7.3	-7.0	-7.0	-7.5		-8.0												
Mean Temp (deg C)	2011	1	14	4	0.82	-8.9	-9.0		-8.0		-10.5	-8.0											
Mean Temp (deg C)	2011	1	15	4	0.8	-11.5	-12.5	-12.5	-10.5	-12.0													
Mean Temp (deg C)	2011	1	16	4	0.79	-12.4	-13.0		-12.5	-13.3			-11.5										
Mean Temp (deg C)	2011	1	17	4	0.88	-16.1	-18.5			-16.8	-15.8			-14.5									
Mean Temp (deg C)	2011	1	18	4	0.82	-12.1	-13.0	-11.8		-12.5	-13.0												
Mean Temp (deg C)	2011	1	19	4	0.82	-7.0	-7.8	-7.3		-7.0	-7.5												
Mean Temp (deg C)	2011	1	20	4	0.82	-11.9	-12.0	-10.8		-13.0	-13.8												
Mean Temp (deg C)	2011	1	21	4	0.8	-11.9	-11.0	-11.8				-10.8	-12.8										
Mean Temp (deg C)	2011	1	22	4	0.77	-18.2	-19.5	-16.5		-20.3			-18.0										
Mean Temp (deg C)	2011	1	23	4	0.83	-21.9	-22.0	-21.3			-23.5												-20.0
Mean Temp (deg C)	2011	1	24	4	0.82	-25.8	-25.8	-25.0		-26.5	-27.5												
Mean Temp (deg C)	2011	1	25	4	0.78	-18.9	-19.5	-18.5	-18.5				-18.5										
Mean Temp (deg C)	2011	1	26	4	0.8	-13.7	-14.3	-13.5	-13.5	-14.5													
Mean Temp (deg C)	2011	1	27	4	0.8	-6.7	-6.5	-6.3	-7.5	-7.0													
Mean Temp (deg C)	2011	1	28	4	0.8	-5.2	-6.0	-4.5	-5.0	-6.8													
Mean Temp (deg C)	2011	1	29	4	0.82	-7.3	-8.0	-8.0		-7.5	-7.0												
Mean Temp (deg C)	2011	1	30	4	0.79	-15.1	-15.0		-14.0	-17.0			-14.8										
Mean Temp (deg C)	2011	1	31	4	0.79	-20.9	-20.0		-20.0	-21.0			-22.8										
Mean Temp (deg C)	2011	2	1	4	0.8	-16.1	-17.3	-15.5	-16.0	-16.8													
Mean Temp (deg C)	2011	2	2	4	0.8	-14.9	-15.5	-15.5	-13.5	-16.8													
Mean Temp (deg C)	2011	2	3	4	0.8	-13.0	-13.8		-12.5	-15.0	-12.8												
Mean Temp (deg C)	2011	2	4	4	0.8	-7.7	-8.3	-6.5	-7.5	-10.0													
Mean Temp (deg C)	2011	2	5	4	0.8	-4.3	-5.0	-4.0	-4.0	-5.5													
Mean Temp (deg C)	2011	2	6	4	0.8	-1.5	-1.0	-1.5	-2.0	-2.0													
Mean Temp (deg C)	2011	2	7	4	0.8	-1.7	-3.5	-1.3	-0.3	-4.0													
Mean Temp (deg C)	2011	2	8	4	0.8	-10.7	-9.8	-10.0	-12.0	-11.0													
Mean Temp (deg C)	2011	2	9	4	0.8	-13.5	-13.8	-12.8	-13.0	-15.5													
Mean Temp (deg C)	2011	2	10	4	0.78	-13.0	-12.5	-12.5	-14.0		-13.0												
Mean Temp (deg C)	2011	2	11	4	0.8	-13.2	-14.3	-11.3				-11.8	-14.0										
Mean Temp (deg C)	2011	2	12	4	0.8	-8.3	-8.5	-8.0	-8.0	-9.8													
Mean Temp (deg C)	2011	2	13	4	0.78	-8.1	-11.5	-8.0	-5.5				-6.8										
Mean Temp (deg C)	2011	2	14	4	0.8	-0.7	-3.0		0.0		-0.8		0.6										
Mean Temp (deg C)	2011	2	15	4	0.8	-15.7	-15.8	-15.3	-15.5	-17.3													
Mean Temp (deg C)	2011	2	16	4	0.8	-10.0	-12.5	-9.5	-8.5	-12.0													
Mean Temp (deg C)	2011	2	17	4	0.8	1.2	-0.5	0.8	3.0	-0.8													
Mean Temp (deg C)	2011	2	18	4	0.8	5.2	4.8		5.5	3.5	4.8												
Mean Temp (deg C)	2011	2	19	4	0.79	-7.1	-7.0		-7.5	-7.0			-7.5										
Mean Temp (deg C)	2011	2	20	4	0.8	-11.0	-11.0	-10.5	-11.0	-12.5													
Mean Temp (deg C)	2011	2	21	4	0.8	-12.8	-13.0	-12.5	-13.0	-13.5													
Mean Temp (deg C)	2011	2	22	4	0.82	-13.2	-11.5	-11.8		-15.0	-15.8												
Mean Temp (deg C)	2011	2	23	4	0.82	-12.4	-12.8	-10.5		-13.5	-15.0												
Mean Temp (deg C)	2011	2	24	4	0.78	-9.4	-10.5	-8.5	-9.0		-10.5												
Mean Temp (deg C)	2011	2	25	4	0.8	-4.5	-5.0	-5.3	-3.5	-5.5													
Mean Temp (deg C)	2011	2	26	4	0.82	-13.4	-12.8	-13.0		-14.8	-14.5												
Mean Temp (deg C)	2011	2	27	4	0.8	-7.1	-8.0	-6.8	-7.0	-7.5													
Mean Temp (deg C)	2011	2	28	4	0.8	-4.3	-4.8	-4.8	-4.5	-4.0													
Mean Temp (deg C)	2011	3	1	4	0.8	-6.5	-5.8	-5.5	-6.0	-10.0													
Mean Temp (deg C)	2011	3	2	4	0.77	-5.6	-5.3	-5.3		-6.5			-6.0										
Mean Temp (deg C)	2011	3	3	4	0.78	-17.5	-18.3	-16.3	-16.0				-18.8										
Mean Temp (deg C)	2011	3	4	4	0.8	-9.1	-10.5	-8.8	-8.0	-11.0													
Mean Temp (deg C)	2011	3	5	4	0.81	2.8	0.0			2.8			4.0	3.0									
Mean Temp (deg C)	2011	3	6	4	0.77	-2.5	-3.5	-3.0		-3.0			-1.8										
Mean Temp (deg C)	2011	3	7	4	0.8	-7.5	-8.0	-7.5	-7.5	-8.0													
Mean Temp (deg C)	2011	3	8	4	0.8	-12.4	-11.8	-11.5	-13.0	-14.0													
Mean Temp (deg C)	2011	3	9	4	0.8	-8.6	-9.5	-7.8	-9.0	-8.8													
Mean Temp (deg C)	2011	3	10	4	0.8	0.8	0.3	0.3	1.0	0.8													
Mean Temp (deg C)	2011	3	11	4	0.8	4.3	4.0	3.0	4.5	4.8													
Mean Temp (deg C)	2011	3	12	4	0.8	1.8	2.0	1.8	1.5	1.3													
Mean Temp (deg C)	2011	3	13	4	0.8	2.2	2.3	2.8	1.5	1.8													
Mean Temp (deg C)	2011	3	14	4	0.8	-2.3	-3.0	-1.8	-2.5	-2.8													
Mean Temp (deg C)	2011	3	15	4	0.82	-2.7	-3.3	-1.8		-3.0	-4.5												
Mean Temp (deg C)	2011	3	16	4	0.8	0.5	-1.0	0.8	0.5	0.3													
Mean Temp (deg C)	2011	3	17	4	0.8	5.2	4.5	5.5	5.5	4.0													
Mean Temp (deg C)	2011	3	18	4	0.8	6.7	6.0	7.0	7.0	5.5													
Mean Temp (deg C)	2011	3	19	4	0.78	-1.7	-1.5	-1.3	-1.5		-3.0												
Mean Temp (deg C)	2011	3	20	4	0.8	-1.3	-2.0	-0.8	-1.0	-2.8													
Mean Temp (deg C)	2011	3	21	4	0.8	0.9	0.4	0.8	1.0	0.5													
Mean Temp (deg C)	2011	3	22	4	0.8	1.8	1.5	2.0	1.5	1.3													
Mean Temp (deg C)	2011	3	23	4	0.8	-4.1	-4.3	-4.3	-4.0	-4.8													
Mean Temp (deg C)	2011	3	24	4	0.8	-2.0	-2.3	-1.8	-2.5	-2.0													
Mean Temp (deg C)	2011	3	25	4	0.8	-2.8	-2.8	-2.5	-3.0	-3.5													
Mean Temp (deg C)	2011	3	26	4	0.8	-3.0	-3.3	-2.8	-3.0	-4.0													
Mean Temp (deg C)	2011	3	27	4	0.8	-5.3	-5.5	-5.0	-5.5	-6.0													
Mean Temp (deg C)	2011	3	28	4	0.8	-2.1	-1.8	-2.0	-2.5	-2.5													
Mean Temp (deg C)	2011	3	29	4	0.8	0.6	1.0	1.5	0.0	-0.8													
Mean Temp (deg C)	2011	3	30	4	0.8	2.5	2.5	2.8	2.0	2.0													
Mean Temp (deg C)	2011	3	31	4	0.8	3.4	2.5	3.3	4.0	2.5													
Mean Temp (deg C)	2011	4	1	4	0.8	2.4	1.3	2.3	2.5	2.5													
Mean Temp (deg C)	2011	4	2	4	0.8	5.4	5.5	5.8	5.0	4.5													
Mean Temp (deg C)	2011	4	3	4	0.8	4.5	4.5	5.0	4.0	3.8													
Mean Temp (deg C)	2011	4	4	4	0.8	5.6	5.8	5.3	5.5	4.8													
Mean Temp (deg C)	2011	4	5	4	0.8	4.3	4.5	4.3	3.5	4.5													
Mean Temp (deg C)	2011	4	6	4	0.8	1.9	1.3	1.8	2.0	1.5													
Mean Temp (deg C)	2011	4	7	4	0.8	2.0	2.0	1.8	2.0	1.5													
Mean Temp (deg C)	2011	4	8	4	0.8	4.3	3.8	4.3	4.5	3.5													
Mean Temp (deg C)	2011	4	9	4	0.8	7.8	7.5	8.0	7.3	7.5													
Mean Temp (deg C)	2011	4	10	4	0.8	9.4	8.3	9.8	9.5	8.8													
Mean Temp (deg C)	2011	4	11	4	0.8	15.0	15.0	15.0	15.0	14.0													
Mean Temp (deg C)	2011	4	12	4	0.8	9.1	8.8	9.3	9.0	8.3													
Mean Temp (deg C)	2011	4	13	4	0.8	6.0	5.5	6.0	5.5	6.0													
Mean Temp (deg C)	2011	4	14	4	0.8	5.7	5.5	5.8	5.5	5.3													
Mean Temp (deg C)	2011	4	15	4	0.8	-0.5	-1.3	0.0	-0.5	-1.3													
Mean Temp (deg C)	2011	4	16	4	0.8	2.6	2.0	2.5	3.0	1.5													
Mean Temp (deg C)	2011	4	17	4	0.8	5.2	5.0	5.0	5.5	4.3													
Mean Temp (deg C)	2011	4	18	4	0.8	2.9	3.0	3.3	2.5	2.0													
Mean Temp (deg C)	2011	4	19	4	0.8	4.5	4.0	5.0	4.5	3.5													
Mean Temp (deg C)	2011	4	20	4	0.8	2.7	1.0		4.0	1.3	2.0												
Mean Temp (deg C)	2011	4	21	4	0.8	3.4	2.8		3.0	4.0	3.0												
Mean Temp (deg C)	2011	4	22	4	0.8	5.7	5.0	5.8	5.5	5.3													
Mean Temp (deg C)	2011	4	23	4	0.8	7.5	7.0		7.0	7.8	7.0												
Mean Temp (deg C)	2011	4	24	4	0.8	10.1	9.3	10.5	10.0	9.5													
Mean Temp (deg C)	2011	4	25	4	0.81	9.3	8.5			8.8	9.0		9.4										
Mean Temp (deg C)	2011	4	26	4	0.8	11.5	10.3	11.3	12.0	10.8													
Mean Temp (deg C)	2011	4	27	4	0.8	12.7	10.0	12.5	14.5	11.0													
Mean Temp (deg C)	2011	4	28	4	0.8	16.0	15.3	15.3	16.5	15.3													
Mean Temp (deg C)	2011	4	29	4	0.8	11.2	11.0	11.3	11.0	10.3													
Mean Temp (deg C)	2011	4	30	4	0.8	11.0	10.5	10.8	11.0	10.5													
Mean Temp (deg C)	2011	5	1	4	0.8	12.1	11.3	12.0	12.5	11.3													
Mean Temp (deg C)	2011	5	2	4	0.8	15.0	13.3	15.0	14.3	16.3													
Mean Temp (deg C)	2011	5	3	4	0.8	10.6	10.5	10.3	10.0	10.8													
Mean Temp (deg C)	2011	5	4	4	0.8	7.2	7.3	6.8	7.0	7.0													
Mean Temp (deg C)	2011	5	5	4	0.8	5.9	6.0	5.3	6.3	4.8													
Mean Temp (deg C)	2011	5	6	4	0.8	10.1	10.0	10.0	10.0	9.5													
Mean Temp (deg C)	2011	5	7	4	0.8	11.3	10.0	11.0	12.5	9.8													
Mean Temp (deg C)	2011	5	8	4	0.8	11.3	10.3		12.0	10.3	10.5												
Mean Temp (deg C)	2011	5	9	4	0.8	13.1	13.5	13.3	13.0	11.8													
Mean Temp (deg C)	2011	5	10	4	0.8	11.3	10.8	11.5	11.0	11.0													
Mean Temp (deg C)	2011	5	11	4	0.78	12.8	12.5	13.0	12.5				12.4										
Mean Temp (deg C)	2011	5	12	4	0.77	13.9	12.8	13.8		12.8			14.5										
Mean Temp (deg C)	2011	5	13	4	0.8	17.2	16.5	16.8	17.5	16.5													
Mean Temp (deg C)	2011	5	14	4	0.8	11.6	11.5	11.0	12.0	10.8													
Mean Temp (deg C)	2011	5	15	4	0.8	10.1	9.5	10.3	9.5	10.3													
Mean Temp (deg C)	2011	5	16	4	0.8	6.8	5.8	6.0	7.5	6.3													
Mean Temp (deg C)	2011	5	17	4	0.8	9.4	8.5	9.0	10.0	8.5													
Mean Temp (deg C)	2011	5	18	4	0.8	14.4	13.0	14.0	14.5	14.8													
Mean Temp (deg C)	2011	5	19	4	0.8	19.7	18.8		20.0	18.8	19.0												
Mean Temp (deg C)	2011	5	20	4	0.83	18.6	18.3			18.5	18.5	17.5											
Mean Temp (deg C)	2011	5	21	4	0.82	18.5	17.5	18.8		17.3	17.8												
Mean Temp (deg C)	2011	5	22	4	0.8	16.0	14.3	15.5	16.8	15.8													
Mean Temp (deg C)	2011	5	23	4	0.8	19.1	19.0	19.0	18.5	19.3													
Mean Temp (deg C)	2011	5	24	4	0.8	20.5	20.8	20.5	19.5	20.5													
Mean Temp (deg C)	2011	5	25	4	0.8	14.4	13.0	14.8	14.5	13.8													
Mean Temp (deg C)	2011	5	26	4	0.79	17.1	16.0		17.5	16.3			17.2										
Mean Temp (deg C)	2011	5	27	4	0.8	12.1	11.3	11.5	12.5	12.0													
Mean Temp (deg C)	2011	5	28	4	0.82	15.8	13.8	16.0		15.0	15.5												
Mean Temp (deg C)	2011	5	29	4	0.8	18.8	17.5	17.3	20.3	18.0													
Mean Temp (deg C)	2011	5	30	4	0.79	21.3	21.0	21.3					20.8	20.8									
Mean Temp (deg C)	2011	5	31	4	0.8	22.3	21.5	22.3	22.8	21.0													
Mean Temp (deg C)	2011	6	1	4	0.82	26.1	25.0	26.5		25.5	25.0												
Mean Temp (deg C)	2011	6	2	4	0.8	13.8	13.0	14.3	13.0	14.0													
Mean Temp (deg C)	2011	6	3	4	0.8	16.0	15.5	15.8	15.8	15.8													
Mean Temp (deg C)	2011	6	4	4	0.8	14.2	13.5	14.3	14.8	12.8													
Mean Temp (deg C)	2011	6	5	4	0.8	17.3	16.8	17.5	17.0	17.0													
Mean Temp (deg C)	2011	6	6	4	0.8	19.4	18.3	19.5	19.3	19.0													
Mean Temp (deg C)	2011	6	7	4	0.79	22.4	21.3		22.8	23.0			21.3										
Mean Temp (deg C)	2011	6	8	4	0.82	26.2	25.8	26.5		25.8	25.0												
Mean Temp (deg C)	2011	6	9	4	0.8	24.0	23.0		24.5	23.0	23.0												
Mean Temp (deg C)	2011	6	10	4	0.8	17.9	16.8	17.8	18.5	17.0													
Mean Temp (deg C)	2011	6	11	4	0.8	18.2	17.3	18.3	18.0	17.8													
Mean Temp (deg C)	2011	6	12	4	0.78	15.6	14.5	15.5			14.3		16.3										
Mean Temp (deg C)	2011	6	13	4	0.8	14.0	12.8	13.5	14.5	13.5													
Mean Temp (deg C)	2011	6	14	4	0.8	17.3	17.3	17.3	16.5	17.5													
Mean Temp (deg C)	2011	6	15	4	0.8	21.1	20.3		21.3	21.0	20.0												
Mean Temp (deg C)	2011	6	16	4	0.8	24.3	23.0	24.3	24.0	24.5													
Mean Temp (deg C)	2011	6	17	4	0.8	22.8	21.3	22.8	22.5	23.5													
Mean Temp (deg C)	2011	6	18	4	0.8	22.8	21.5	22.5	23.0	22.8													
Mean Temp (deg C)	2011	6	19	4	0.8	17.4	15.5	17.8	17.8	16.8													
Mean Temp (deg C)	2011	6	20	4	0.8	18.0	16.8	18.3	18.3	17.0													
Mean Temp (deg C)	2011	6	21	4	0.8	20.1	18.5	20.0	20.5	19.5													
Mean Temp (deg C)	2011	6	22	4	0.8	20.6	19.3	21.0	20.8	19.5													
Mean Temp (deg C)	2011	6	23	4	0.8	20.6	20.5	20.3	20.5	19.8													
Mean Temp (deg C)	2011	6	24	4	0.8	17.0	16.0	16.5	18.3	15.3													
Mean Temp (deg C)	2011	6	25	4	0.8	18.7	17.8	18.8	19.0	17.5													
Mean Temp (deg C)	2011	6	26	4	0.8	20.6	19.3		21.0	20.0	20.0												
Mean Temp (deg C)	2011	6	27	4	0.78	21.1	19.8	20.5	21.8		20.3												
Mean Temp (deg C)	2011	7	2	4	0.8	23.5	22.5	23.5	23.3	23.3													
Mean Temp (deg C)	2011	7	5	4	0.8	23.5	23.0	23.8	23.5	22.5													
Mean Temp (deg C)	2011	7	6	4	0.8	22.1	20.8	22.0	22.0	22.3													
Mean Temp (deg C)	2011	7	9	4	0.8	20.2	19.3	20.0	20.0	20.3													
Mean Temp (deg C)	2011	7	10	4	0.8	20.9	19.8	21.3	21.0	20.0													
Mean Temp (deg C)	2011	7	14	4	0.8	20.0	19.0	20.0	20.0	19.8													
Mean Temp (deg C)	2011	7	18	4	0.8	24.4	23.8	24.5	24.0	24.0													
Mean Temp (deg C)	2011	7	30	4	0.8	22.2	21.5	22.5	22.0	21.5													
Mean Temp (deg C)	2011	8	1	4	0.8	23.3	22.8		23.5	22.8	22.3												
Mean Temp (deg C)	2011	8	15	4	0.8	20.8	20.3	20.5	20.3	21.0													
Mean Temp (deg C)	2011	8	24	4	0.82	21.5	20.0	22.5		19.5	20.5												
Mean Temp (deg C)	2011	9	21	4	0.8	15.8	15.0	16.0	15.5	15.5													
Mean Temp (deg C)	2011	10	5	4	0.8	11.4	10.8	11.3	11.5	11.0													
Mean Temp (deg C)	2011	10	22	4	0.8	9.4	9.0	9.3	9.0	9.3													
Mean Temp (deg C)	2011	11	7	4	0.8	8.2	7.5		9.0		7.8		7.0										
Mean Temp (deg C)	2011	11	15	4	0.83	9.5	9.0	9.5	9.5			9.0											
Mean Temp (deg C)	2011	11	26	4	0.8	5.6	5.8	5.0	5.1	5.8													
Mean Temp (deg C)	2011	12	9	4	0.82	-0.0	0.3	-0.5		-0.5	-0.5												
Mean Temp (deg C)	2012	1	9	4	0.77	-5.9	-5.5	-5.0		-6.3			-7.1										
Mean Temp (deg C)	2012	1	18	4	0.8	-11.1	-11.0		-11.5		-11.5		-11.0										
Mean Temp (deg C)	2012	1	19	4	0.8	-13.8	-14.5	-14.8	-12.0	-15.5													
Mean Temp (deg C)	2012	1	22	4	0.8	-14.2	-17.3	-13.5	-13.0	-15.0													
Mean Temp (deg C)	2012	1	27	4	0.8	-1.8	-3.0	-1.8	-1.5	-2.0													
Mean Temp (deg C)	2012	2	12	4	0.8	-15.2	-15.3	-15.3	-15.0	-16.0													
Mean Temp (deg C)	2012	2	22	4	0.8	2.6	1.3	3.3	3.8	0.0													
Mean Temp (deg C)	2012	2	23	4	0.8	1.9	1.8	2.0	1.5	1.5													
Mean Temp (deg C)	2012	3	10	4	0.8	-4.1	-5.0	-4.0	-4.0	-4.5													
Mean Temp (deg C)	2012	4	2	4	0.8	2.7	2.3	3.0	3.0	1.0													
Mean Temp (deg C)	2012	4	19	4	0.78	10.5	9.5	10.5	11.0		9.5												
Mean Temp (deg C)	2012	6	15	4	0.82	17.7	17.5	17.8		17.8	16.5												
Mean Temp (deg C)	2012	6	19	4	0.8	23.0	22.8	23.0	22.5	22.8													
Mean Temp (deg C)	2012	6	20	4	0.8	27.2	26.8	27.0	27.0	27.0													
Mean Temp (deg C)	2012	8	19	4	0.77	17.3	17.3	17.5		17.0			16.6										
Mean Temp (deg C)	2012	9	6	4	0.8	22.8	22.0	23.0	23.0	21.5													
Mean Temp (deg C)	2012	10	10	4	0.8	11.1	9.8	12.3	10.8	10.3													
Mean Temp (deg C)	2012	10	15	4	0.8	14.1	13.5	14.0	14.0	13.8													
Mean Temp (deg C)	2012	11	4	4	0.77	3.2		3.0	3.5		2.8		2.9										
Mean Temp (deg C)	2012	11	18	4	0.8	-2.0	-2.5	-2.3	-1.5	-2.8													
Mean Temp (deg C)	2012	12	4	4	0.8	7.2	7.1	6.5	7.0	7.5													
Mean Temp (deg C)	2012	12	5	4	0.8	2.6	2.5		2.0	2.0	2.8												
Mean Temp (deg C)	2012	12	10	4	0.8	0.2	-1.8	-0.3	2.0	-1.5													
Mean Temp (deg C)	2012	12	15	4	0.8	-10.3	-11.4	-10.8	-9.3	-11.3													
Mean Temp (deg C)	2012	12	23	4	0.78	-8.5		-8.5		-10.3			-7.4	-9.3									
Mean Temp (deg C)	2012	12	25	4	0.8	-12.1	-12.9	-12.0	-11.0	-14.0													
Mean Temp (deg C)	2012	12	29	4	0.8	-11.2	-11.8	-12.8	-10.0	-11.3													
Mean Temp (deg C)	2013	1	1	4	0.8	-12.9	-12.5	-11.8	-13.0	-15.0													
Mean Temp (deg C)	2013	1	5	4	0.91	-9.2	-10.1								-7.5		-9.0					-9.7	
Mean Temp (deg C)	2013	1	11	4	0.8	-1.9	-2.5	-2.3	-1.5	-2.5													
Mean Temp (deg C)	2013	1	26	4	0.77	-16.6	-17.3	-16.5		-18.0			-15.8										
Mean Temp (deg C)	2013	2	1	4	0.76	-12.4		-13.0	-12.0	-12.3			-12.3										
Mean Temp (deg C)	2013	2	2	4	0.8	-14.7	-16.0	-15.0	-13.5	-15.8													
Mean Temp (deg C)	2013	2	5	4	0.8	-14.9	-15.8	-15.5	-13.5	-16.5													
Mean Temp (deg C)	2013	2	6	4	0.77	-9.0		-9.5	-9.0	-8.8	-9.5												
Mean Temp (deg C)	2013	2	16	4	0.85	-6.5	-6.8	-7.0		-7.0				-6.0									
Mean Temp (deg C)	2013	2	23	4	0.85	-2.0	-2.8	-2.3		-2.0				-1.8									
Mean Temp (deg C)	2013	2	24	4	0.8	1.0	1.0	0.8	0.5	1.3													
Mean Temp (deg C)	2013	3	17	4	0.77	-7.6		-7.8	-7.0	-8.3	-8.3												
Mean Temp (deg C)	2013	3	18	4	0.83	-7.2	-7.8	-7.5	-6.5			-6.5											
Mean Temp (deg C)	2013	3	21	4	0.84	-2.6				-4.3	-2.5	-2.3		-1.8									
Mean Temp (deg C)	2013	3	26	4	0.8	2.7		3.5		1.5	1.8	2.5											
Mean Temp (deg C)	2013	4	1	4	0.81	4.2		4.0	3.8		4.3				4.0								
Mean Temp (deg C)	2013	4	8	4	0.8	5.7	4.8	5.5	6.5	4.5													
Mean Temp (deg C)	2013	4	9	4	0.8	4.9	4.5	4.8	4.5	4.8													
Mean Temp (deg C)	2013	4	13	4	0.77	3.3		2.8	3.5	2.5	3.0												
Mean Temp (deg C)	2013	4	14	4	0.8	5.7	6.0	5.3	5.5	5.5													
Mean Temp (deg C)	2013	4	18	4	0.89	9.0		8.5	9.5						9.0					10.3			
Mean Temp (deg C)	2013	4	27	4	0.82	7.4	7.5	7.0		7.0	7.0												
Mean Temp (deg C)	2013	4	30	4	0.77	17.3		17.5	17.0	17.0	16.5												
Mean Temp (deg C)	2013	5	1	4	0.8	17.9	17.0	17.8	18.5	16.5													
Mean Temp (deg C)	2013	5	26	4	0.8	8.3	8.3	7.8	8.5	7.5													
Mean Temp (deg C)	2013	6	8	4	0.83	14.1				14.3			13.5	13.5	14.0								
Mean Temp (deg C)	2013	6	15	4	0.8	16.9	16.5		17.0	16.5	16.0												
Mean Temp (deg C)	2013	6	16	4	0.8	15.8	15.0	15.8	15.5	16.0													
Mean Temp (deg C)	2013	6	24	4	0.8	25.2	24.5	25.0	25.5	24.5													
Mean Temp (deg C)	2013	7	4	4	0.8	24.6	23.3	24.0	25.0	24.5													
Mean Temp (deg C)	2013	7	5	4	0.8	25.2	24.8	24.5	25.0	25.5													
Mean Temp (deg C)	2013	7	14	4	0.8	24.7	23.8		25.3	24.3	23.3												
Mean Temp (deg C)	2013	7	15	4	0.88	26.4	25.5			26.0	25.5			27.0									
Mean Temp (deg C)	2013	7	16	4	0.81	25.5	25.0			25.3	25.0		25.0										
Mean Temp (deg C)	2013	7	17	4	0.8	27.7	27.5		27.5	28.0	26.3												
Mean Temp (deg C)	2013	7	18	4	0.8	24.9	24.3		25.0	24.5	24.0												
Mean Temp (deg C)	2013	7	22	4	0.8	17.8	17.0	17.3	17.8	17.8													
Mean Temp (deg C)	2013	7	23	4	0.78	22.5	21.5	22.5	22.5		22.0												
Mean Temp (deg C)	2013	7	27	4	0.84	19.7	19.0		19.8	19.5					19.0								
Mean Temp (deg C)	2013	7	31	4	0.8	20.9	20.5	20.8	20.8	20.3													
Mean Temp (deg C)	2013	8	1	4	0.8	22.0	21.5	22.3	22.0	21.0													
Mean Temp (deg C)	2013	8	4	4	0.8	17.5	17.0	17.0	17.8	16.8													
Mean Temp (deg C)	2013	8	8	4	0.8	23.8	23.0	24.0	23.5	23.3													
Mean Temp (deg C)	2013	8	12	4	0.8	19.7	19.3		19.3		19.5		19.1										
Mean Temp (deg C)	2013	8	13	4	0.79	18.8	18.0		19.0	18.5			18.5										
Mean Temp (deg C)	2013	8	19	4	0.8	21.1			21.0	20.8			20.7	21.5									
Mean Temp (deg C)	2013	8	21	4	0.79	23.9			24.0	23.3	23.5		23.5										
Mean Temp (deg C)	2013	9	5	4	0.8	13.2	12.5		13.3	12.5	12.8												
Mean Temp (deg C)	2013	9	6	4	0.8	12.3	11.8		12.0	12.0	12.0												
Mean Temp (deg C)	2013	9	8	4	0.8	13.9	13.0	13.5	14.0	14.0													
Mean Temp (deg C)	2013	9	9	4	0.8	12.5	12.0	12.5	12.5	11.8													
Mean Temp (deg C)	2013	9	10	4	0.99	18.1								19.3				16.3	17.0		18.5		
Mean Temp (deg C)	2013	9	11	4	0.8	23.8	22.5	22.5	25.0	23.5													
Mean Temp (deg C)	2013	9	15	4	0.82	13.8	13.0	13.5		14.0	13.3												
Mean Temp (deg C)	2013	9	16	4	0.8	10.1	9.5	9.8	10.3	9.5													
Mean Temp (deg C)	2013	9	23	4	0.8	9.0	9.3	8.3	9.0	8.8													
Mean Temp (deg C)	2013	9	25	4	0.83	10.9	10.3	10.5	11.3			11.0											
Mean Temp (deg C)	2013	9	26	4	0.78	10.4	9.8	10.0	10.5		10.0												
Mean Temp (deg C)	2013	9	27	4	0.8	14.6	13.3	13.8	15.0	15.0													
Mean Temp (deg C)	2013	9	30	4	0.8	15.7	14.3	15.5	16.0	15.3													
Mean Temp (deg C)	2013	10	6	4	0.8	12.7	12.5	12.5	12.8	11.8													
Mean Temp (deg C)	2013	10	7	4	0.8	18.2	18.0	18.0	18.0	17.8													
Mean Temp (deg C)	2013	10	8	4	0.8	10.3	9.8	11.0	10.0	9.5													
Mean Temp (deg C)	2013	10	9	4	0.8	10.4	10.0	10.0	10.5	10.0													
Mean Temp (deg C)	2013	10	14	4	0.8	12.2	11.5	12.5	12.0	11.5													
Mean Temp (deg C)	2013	10	18	4	0.78	12.6	11.8	12.5	13.5		11.3												
Mean Temp (deg C)	2013	10	19	4	0.78	10.8	10.5	10.0	11.0				11.3										
Mean Temp (deg C)	2013	10	25	4	0.8	4.3	4.3	4.5	3.8	3.8													
Mean Temp (deg C)	2013	10	26	4	0.82	2.8	2.3	2.8		2.0	2.3												
Mean Temp (deg C)	2013	10	28	4	0.8	4.3	4.0	4.3	4.0	4.0													
Mean Temp (deg C)	2013	11	8	4	0.8	2.7	3.0	2.5	2.0	2.8													
Mean Temp (deg C)	2013	11	9	4	0.77	1.9		2.0		1.0	1.0		2.3										
Mean Temp (deg C)	2013	12	3	4	0.8	-0.3	-0.5	-0.3	-0.5	-0.5													
Mean Temp (deg C)	2013	12	6	4	0.8	2.2	1.8	2.3	2.0	2.0													
Mean Temp (deg C)	2013	12	8	4	0.78	-6.2	-7.3	-6.3	-5.5		-7.0												
Mean Temp (deg C)	2013	12	12	4	0.8	-16.0	-16.8	-16.0	-15.0	-17.5													
Mean Temp (deg C)	2013	12	13	4	0.86	-15.3	-15.5				-17.0			-15.3	-13.5								
Mean Temp (deg C)	2013	12	19	4	0.77	-5.3		-5.8	-5.0		-6.0		-4.2										
Mean Temp (deg C)	2013	12	20	4	0.78	-7.7	-8.3	-8.3	-7.5		-7.5												
Mean Temp (deg C)	2013	12	26	4	0.8	-13.5	-14.8	-14.0	-12.0	-14.8													
Mean Temp (deg C)	2013	12	27	4	0.8	-8.3	-8.8	-8.8	-7.3	-9.8													
Mean Temp (deg C)	2013	12	28	4	0.77	-4.9		-5.5	-3.5	-7.8	-5.0												
Mean Temp (deg C)	2013	12	29	4	0.77	-7.6	-9.0	-8.5		-8.5			-6.0										
Total Precip (mm)	2000	3	11	4	3.26	16.0	20.0	17.4	20.0		10.0												
Total Precip (mm)	2000	9	23	4	3.26	17.5	13.5	14.4	28.8		15.8												
Total Precip (mm)	2001	3	13	4	3.26	6.8	12.2	3.2	8.0		9.3												
Total Precip (mm)	2001	3	22	4	3.26	23.7	35.0	25.0	22.0		21.4												
Total Precip (mm)	2001	8	21	4	3.26	1.1	1.0	1.8	1.4		0.0												
Total Precip (mm)	2001	8	30	4	3.26	0.0	0.0	0.0	0.0		0.0												
Total Precip (mm)	2001	12	20	4	3.26	5.3	4.0	10.0	1.0		4.0												
Total Precip (mm)	2002	9	13	4	3.26	0.3	0.0	0.0	1.4		0.0												
Total Precip (mm)	2003	2	22	4	3.26	9.1	6.0	11.0	13.0		5.3												
Total Precip (mm)	2003	2	23	4	3.26	9.6	11.0	12.6	11.0		4.3												
Total Precip (mm)	2005	12	29	4	3.53	10.4	5.0	12.6		3.0	11.0												
Total Precip (mm)	2006	2	24	4	3.53	0.6	0.0	0.0		0.0	2.0												
Total Precip (mm)	2006	7	30	4	3.26	0.0	0.0	0.0	0.0		0.0												
Total Precip (mm)	2006	7	31	4	3.26	6.5	7.0	0.0	17.0		6.5												
Total Precip (mm)	2006	8	1	4	3.26	19.0	28.0	20.6	8.0		26.8												
Total Precip (mm)	2006	8	2	4	3.43	43.5	38.4	46.2	58.0	24.8													
Total Precip (mm)	2006	8	3	4	3.26	0.0	0.0	0.0	0.0		0.0												
Total Precip (mm)	2006	12	7	4	3.26	0.0	0.0	0.0	0.0		0.0												
Total Precip (mm)	2007	3	26	4	3.26	7.3	14.5	9.4	8.0		0.0												
Total Precip (mm)	2007	11	21	4	3.53	5.5	7.5	5.4		9.6	5.2												
Total Precip (mm)	2007	12	20	4	3.26	0.0	0.0	0.0	0.0		0.0												
Total Precip (mm)	2008	2	1	4	3.5	17.1	19.0		19.0	29.0	15.0												
Total Precip (mm)	2008	9	14	4	3.26	10.5	13.5	6.6	14.0		13.0												
Total Precip (mm)	2009	7	31	4	3.26	0.0	0.0	0.0	0.0		0.0												
Total Precip (mm)	2009	8	1	4	3.26	1.9	0.0	0.0	4.0		4.0												
Total Precip (mm)	2009	8	2	4	3.26	14.7	18.5	15.8	14.0		14.4												
Total Precip (mm)	2009	8	3	4	3.26	0.0	0.0	0.0	0.0		0.0												
Total Precip (mm)	2009	8	4	4	3.26	4.3	11.8	3.0	5.0		2.2												
Total Precip (mm)	2009	8	5	4	3.26	0.0	0.0	0.0	0.0		0.0												
Total Precip (mm)	2009	12	9	4	3.53	16.0	22.0	15.0		26.0	16.5												
Total Precip (mm)	2010	7	28	4	3.26	0.0	0.0	0.0	0.0		0.0												
Total Precip (mm)	2010	7	29	4	3.26	0.0	0.0	0.0	0.0		0.0												
Total Precip (mm)	2010	7	30	4	3.26	0.0	0.0	0.0	0.0		0.0												
Total Precip (mm)	2010	7	31	4	3.26	0.0	0.0	0.0	0.0		0.0												
Total Precip (mm)	2010	8	1	4	3.26	0.0	0.0	0.0	0.0		0.0												
Total Precip (mm)	2010	8	2	4	3.26	12.2	26.3	3.0	18.0		14.6												
Total Precip (mm)	2010	8	3	4	3.26	18.7	15.5	16.6	39.0		4.8												
Total Precip (mm)	2010	9	30	4	3.26	62.6	76.5	73.8	61.0		49.6												
Total Precip (mm)	2010	11	17	4	3.26	7.7	7.5	6.0	6.0		14.2												
Total Precip (mm)	2010	11	18	4	3.26	0.0	0.0	0.0	0.0		0.0												
Total Precip (mm)	2010	11	19	4	3.26	0.0	0.0	0.0	0.0		0.0												
Total Precip (mm)	2010	11	20	4	3.53	1.3	1.2	1.0		1.0	2.0												
Total Precip (mm)	2010	11	21	4	3.53	5.4	3.0	7.2		4.6	4.2												
Total Precip (mm)	2010	11	22	4	3.53	6.6		6.4		8.4	6.8					8.4							
Total Precip (mm)	2010	11	23	4	3.53	7.3	9.5	6.6		9.0	8.6												
Total Precip (mm)	2010	11	24	4	3.53	0.0	0.0	0.0		0.0	0.0												
Total Precip (mm)	2010	11	25	4	3.53	1.1	0.0	1.4		1.2	1.2												
Total Precip (mm)	2010	11	26	4	3.53	4.8	5.2	4.2		2.4	6.6												
Total Precip (mm)	2010	11	27	4	3.53	0.8	1.0	1.0		4.0	0.0												
Total Precip (mm)	2010	11	28	4	3.26	0.0	0.0	0.0	0.0		0.0												
Total Precip (mm)	2010	11	29	4	3.26	0.0	0.0	0.0	0.0		0.0												
Total Precip (mm)	2010	11	30	4	3.26	20.4	24.2	25.0	21.0		13.6												
Total Precip (mm)	2010	12	1	4	3.26	16.9	24.5	18.2	15.0		15.6												
Total Precip (mm)	2010	12	4	4	3.26	1.9	2.0	2.0	1.0		3.0												
Total Precip (mm)	2010	12	6	4	3.26	12.9	15.0	16.6	4.0		18.0												
Total Precip (mm)	2010	12	7	4	3.43	5.3	7.0	5.0	4.0	10.0													
Total Precip (mm)	2010	12	8	4	3.26	1.0	1.0	0.4	2.0		1.0												
Total Precip (mm)	2010	12	10	4	3.26	1.2	1.0	1.0	1.0		2.0												
Total Precip (mm)	2010	12	12	4	3.26	19.0	19.5	21.4	20.0		17.2												
Total Precip (mm)	2010	12	13	4	3.26	8.3	8.0	11.2	5.0		9.0												
Total Precip (mm)	2010	12	14	4	3.26	1.2	2.0	2.0	1.0		0.0												
Total Precip (mm)	2010	12	15	4	3.26	2.5	3.0	2.6	2.0		3.0												
Total Precip (mm)	2010	12	16	4	3.26	0.0	0.0	0.0	0.0		0.0												
Total Precip (mm)	2010	12	17	4	3.26	0.0	0.0	0.0	0.0		0.0												
Total Precip (mm)	2010	12	18	4	3.26	0.4	0.0	0.0	0.0		2.0												
Total Precip (mm)	2010	12	20	4	3.26	0.4	0.0	0.0	0.0		2.0												
Total Precip (mm)	2010	12	21	4	3.26	0.4	1.0	0.0	0.0		1.0												
Total Precip (mm)	2010	12	22	4	3.28	6.5		6.8	6.0	6.0	8.0												
Total Precip (mm)	2010	12	31	4	3.26	4.1	5.0	2.8	4.0		6.6												
Total Precip (mm)	2011	1	1	4	3.26	4.5	4.0	4.6	5.0		5.0												
Total Precip (mm)	2011	1	2	4	3.26	0.1	1.0	0.0	0.0		0.0												
Total Precip (mm)	2011	1	3	4	3.26	0.0	0.0	0.0	0.0		0.0												
Total Precip (mm)	2011	1	4	4	3.28	0.7		1.0	1.0	0.0	0.0												
Total Precip (mm)	2011	1	5	4	3.26	0.0	0.0	0.0	0.0		0.0												
Total Precip (mm)	2011	1	6	4	3.26	0.0	0.0	0.0	0.0		0.0												
Total Precip (mm)	2011	1	7	4	3.26	0.0	0.0	0.0	0.0		0.0												
Total Precip (mm)	2011	1	8	4	3.26	1.3	2.0	1.6	1.0		1.0												
Total Precip (mm)	2011	1	9	4	3.26	3.8	2.0	6.0	1.0		5.0												
Total Precip (mm)	2011	1	10	4	3.26	0.5	0.0	1.4	0.0		0.0												
Total Precip (mm)	2011	1	11	4	3.26	0.0	0.0	0.0	0.0		0.0												
Total Precip (mm)	2011	1	12	4	3.26	0.0	0.0	0.0	0.0		0.0												
Total Precip (mm)	2011	1	13	4	3.26	0.0	0.0	0.0	0.0		0.0												
Total Precip (mm)	2011	1	14	4	3.26	0.2	0.0	0.0	0.0		1.0												
Total Precip (mm)	2011	1	15	4	3.26	4.8	7.0	6.0	3.0		4.5												
Total Precip (mm)	2011	1	16	4	3.26	0.2	0.0	0.0	0.0		1.0												
Total Precip (mm)	2011	1	17	4	3.53	0.0	0.0	0.0		0.0	0.0												
Total Precip (mm)	2011	1	18	4	3.53	5.9	4.5	6.3		4.0	7.0												
Total Precip (mm)	2011	1	19	4	3.53	2.2	0.0	2.6		0.0	3.0												
Total Precip (mm)	2011	1	20	4	3.53	2.2	2.0	1.6		2.0	3.8												
Total Precip (mm)	2011	1	21	4	3.53	1.5	2.0	0.6		2.0	3.0												
Total Precip (mm)	2011	1	22	4	3.53	0.0	0.0	0.0		0.0	0.0												
Total Precip (mm)	2011	1	23	4	3.26	0.0	0.0	0.0	0.0		0.0												
Total Precip (mm)	2011	1	24	4	3.26	0.1	1.0	0.0	0.0		0.0												
Total Precip (mm)	2011	1	25	4	3.26	1.8	3.5	2.0	0.0		3.0												
Total Precip (mm)	2011	1	26	4	3.26	1.6	2.0	3.0	1.0		0.0												
Total Precip (mm)	2011	1	27	4	3.26	0.0	0.0	0.0	0.0		0.0												
Total Precip (mm)	2011	1	28	4	3.26	0.8	1.0	0.0	2.0		1.0												
Total Precip (mm)	2011	1	29	4	3.26	1.6	2.0	3.0	0.0		1.0												
Total Precip (mm)	2011	1	30	4	3.43	0.0	0.0	0.0	0.0	0.0													
Total Precip (mm)	2011	1	31	4	3.26	0.0	0.0	0.0	0.0		0.0												
Total Precip (mm)	2011	2	1	4	3.26	3.7	1.0	5.4	4.0		3.0												
Total Precip (mm)	2011	2	2	4	3.26	20.0	12.0	22.0	24.0		21.0												
Total Precip (mm)	2011	2	3	4	3.26	0.0	0.0	0.0	0.0		0.0												
Total Precip (mm)	2011	2	4	4	3.26	0.0	0.0	0.0	0.0		0.0												
Total Precip (mm)	2011	2	5	4	3.26	19.3	20.0	22.0	15.0		23.0												
Total Precip (mm)	2011	2	6	4	3.26	1.3	1.0	2.0	0.0		2.0												
Total Precip (mm)	2011	2	7	4	3.26	4.9	6.0	6.8	3.0		4.0												
Total Precip (mm)	2011	2	8	4	3.26	3.9	2.0	2.0	10.0		2.0												
Total Precip (mm)	2011	2	9	4	3.26	3.8	12.0	2.0	0.0		7.0												
Total Precip (mm)	2011	2	10	4	3.26	0.2	0.0	0.0	0.0		1.0												
Total Precip (mm)	2011	2	11	4	3.26	1.0	1.0	1.0	1.0		1.0												
Total Precip (mm)	2011	2	12	4	3.26	0.5	2.0	0.0	0.0		1.0												
Total Precip (mm)	2011	2	13	4	3.26	8.6	9.5	11.0	4.0		11.0												
Total Precip (mm)	2011	2	14	4	3.26	1.9	2.0	2.6	1.0		2.0												
Total Precip (mm)	2011	2	15	4	3.26	0.0	0.0	0.0	0.0		0.0												
Total Precip (mm)	2011	2	16	4	3.26	0.0	0.0	0.0	0.0		0.0												
Total Precip (mm)	2011	2	17	4	3.26	6.4	5.0	6.0	9.0		6.0												
Total Precip (mm)	2011	2	18	4	3.26	1.4	2.0	1.0	2.0		1.4												
Total Precip (mm)	2011	2	19	4	3.26	0.0	0.0	0.0	0.0		0.0												
Total Precip (mm)	2011	2	20	4	3.26	0.4	0.0	1.0	0.0		0.0												
Total Precip (mm)	2011	2	21	4	3.26	0.0	0.0	0.0	0.0		0.0												
Total Precip (mm)	2011	2	22	4	3.26	0.0	0.0	0.0	0.0		0.0												
Total Precip (mm)	2011	2	23	4	3.26	0.0	0.0	0.0	0.0		0.0												
Total Precip (mm)	2011	2	24	4	3.26	0.0	0.0	0.0	0.0		0.0												
Total Precip (mm)	2011	2	25	4	3.26	2.9	1.0	4.0	2.0		4.0												
Total Precip (mm)	2011	2	26	4	3.26	0.4	0.0	1.0	0.0		0.0												
Total Precip (mm)	2011	2	27	4	3.26	1.2	0.0	2.0	2.0		0.0												
Total Precip (mm)	2011	2	28	4	3.5	10.6	14.5		10.0	10.0	10.0												
Total Precip (mm)	2011	3	1	4	3.26	1.6	2.0	2.0	0.0		3.0												
Total Precip (mm)	2011	3	2	4	3.43	0.4	1.0	0.0	0.0	2.0													
Total Precip (mm)	2011	3	3	4	3.26	0.0	0.0	0.0	0.0		0.0												
Total Precip (mm)	2011	3	4	4	3.26	0.2	0.0	0.0	1.0		0.0												
Total Precip (mm)	2011	3	5	4	3.26	25.4	43.5	34.0	0.0		34.0												
Total Precip (mm)	2011	3	6	4	3.53	15.6	16.0	26.0		10.0	0.0												
Total Precip (mm)	2011	3	7	4	3.26	8.8	8.0	7.0	8.0		15.0												
Total Precip (mm)	2011	3	8	4	3.26	0.0	0.0	0.0	0.0		0.0												
Total Precip (mm)	2011	3	9	4	3.26	10.9	15.0	15.0	7.0		8.0												
Total Precip (mm)	2011	3	10	4	3.26	21.3	20.7	26.2	23.0		15.8												
Total Precip (mm)	2011	3	11	4	3.26	1.2	2.0	1.2	2.0		0.0												
Total Precip (mm)	2011	3	12	4	3.26	0.0	0.0	0.0	0.0		0.0												
Total Precip (mm)	2011	3	13	4	3.26	0.0	0.0	0.0	0.0		0.0												
Total Precip (mm)	2011	3	14	4	3.26	0.0	0.0	0.0	0.0		0.0												
Total Precip (mm)	2011	3	15	4	3.26	0.5	0.0	0.0	2.0		0.0												
Total Precip (mm)	2011	3	16	4	3.26	1.0	1.5	0.4	2.5		0.0												
Total Precip (mm)	2011	3	17	4	3.26	2.4	3.0	0.0	7.0		1.4												
Total Precip (mm)	2011	3	18	4	3.26	0.0	0.0	0.0	0.0		0.0												
Total Precip (mm)	2011	3	19	4	3.26	0.0	0.0	0.0	0.0		0.0												
Total Precip (mm)	2011	3	20	4	3.26	0.0	0.0	0.0	0.0		0.0												
Total Precip (mm)	2011	3	21	4	3.26	4.3	9.0	3.0	3.0		6.0												
Total Precip (mm)	2011	3	22	4	3.26	0.0	0.0	0.0	0.0		0.0												
Total Precip (mm)	2011	3	23	4	3.26	0.9	1.0	1.0	0.0		2.0												
Total Precip (mm)	2011	3	24	4	3.26	0.1	1.0	0.0	0.0		0.0												
Total Precip (mm)	2011	3	25	4	3.26	0.0	0.0	0.0	0.0		0.0												
Total Precip (mm)	2011	3	26	4	3.26	0.0	0.0	0.0	0.0		0.0												
Total Precip (mm)	2011	3	27	4	3.26	0.0	0.0	0.0	0.0		0.0												
Total Precip (mm)	2011	3	28	4	3.26	0.0	0.0	0.0	0.0		0.0												
Total Precip (mm)	2011	3	29	4	3.26	0.0	0.0	0.0	0.0		0.0												
Total Precip (mm)	2011	3	30	4	3.26	0.0	0.0	0.0	0.0		0.0												
Total Precip (mm)	2011	3	31	4	3.26	0.0	0.0	0.0	0.0		0.0												
Total Precip (mm)	2011	4	1	4	3.43	3.7	5.0	3.0	5.0	3.0													
Total Precip (mm)	2011	4	2	4	3.26	0.0	0.0	0.0	0.0		0.0												
Total Precip (mm)	2011	4	3	4	3.26	0.0	0.0	0.0	0.0		0.0												
Total Precip (mm)	2011	4	4	4	3.26	6.8	5.5	6.6	10.0		5.5												
Total Precip (mm)	2011	4	5	4	3.26	4.6	6.0	2.8	6.0		6.0												
Total Precip (mm)	2011	4	6	4	3.26	0.0	0.0	0.0	0.0		0.0												
Total Precip (mm)	2011	4	7	4	3.26	0.0	0.0	0.0	0.0		0.0												
Total Precip (mm)	2011	4	8	4	3.26	0.0	0.0	0.0	0.0		0.0												
Total Precip (mm)	2011	4	9	4	3.26	0.0	0.0	0.0	0.0		0.0												
Total Precip (mm)	2011	4	10	4	3.26	11.2	8.0	15.0	19.0		0.0												
Total Precip (mm)	2011	4	11	4	3.26	0.5	0.0	0.0	0.0		2.4												
Total Precip (mm)	2011	4	12	4	3.26	0.2	0.0	0.0	1.0		0.0												
Total Precip (mm)	2011	4	13	4	3.26	6.5	7.5	6.6	7.0		6.5												
Total Precip (mm)	2011	4	14	4	3.26	0.0	0.0	0.0	0.0		0.0												
Total Precip (mm)	2011	4	15	4	3.26	0.0	0.0	0.0	0.0		0.0												
Total Precip (mm)	2011	4	16	4	3.26	19.4	34.5	8.5	30.0		20.0												
Total Precip (mm)	2011	4	17	4	3.26	12.8	4.0	32.0	2.0		1.2												
Total Precip (mm)	2011	4	18	4	3.26	0.0	0.0	0.0	0.0		0.0												
Total Precip (mm)	2011	4	19	4	3.26	1.8	0.0	0.8	6.0		0.0												
Total Precip (mm)	2011	4	20	4	3.43	18.0	23.0		13.5		19.8					23.2							
Total Precip (mm)	2011	4	21	4	3.26	1.3	0.0	1.6	2.0		1.2												
Total Precip (mm)	2011	4	22	4	3.26	1.6	0.0	4.0	0.5		0.0												
Total Precip (mm)	2011	4	23	4	3.43	2.4	3.0	2.2	3.0	2.2													
Total Precip (mm)	2011	4	24	4	3.26	0.0	0.0	0.0	0.0		0.0												
Total Precip (mm)	2011	4	25	4	3.26	1.9	1.2	2.2	4.0		0.0												
Total Precip (mm)	2011	4	26	4	3.26	11.5	10.5	10.0	17.5		10.0												
Total Precip (mm)	2011	4	27	4	3.26	11.9	11.0	11.2	16.5		10.9												
Total Precip (mm)	2011	4	28	4	3.26	2.5	2.0	2.2	3.0		3.3												
Total Precip (mm)	2011	4	29	4	3.26	0.1	0.0	0.0	0.0		0.4												
Total Precip (mm)	2011	4	30	4	3.26	0.0	0.0	0.0	0.0		0.0												
Total Precip (mm)	2011	5	1	4	3.26	0.0	0.0	0.0	0.0		0.0												
Total Precip (mm)	2011	5	2	4	3.26	0.6	0.0	0.0	1.5		1.2												
Total Precip (mm)	2011	5	3	4	3.26	41.5	44.2	49.2	45.0		31.4												
Total Precip (mm)	2011	5	4	4	3.26	13.3	14.5	17.6	13.0		8.5												
Total Precip (mm)	2011	5	5	4	3.26	5.7	8.7	5.0	6.0		5.8												
Total Precip (mm)	2011	5	6	4	3.43	0.5	1.5	0.0	0.0	2.4													
Total Precip (mm)	2011	5	7	4	3.43	0.0	0.0	0.0	0.0	0.0													
Total Precip (mm)	2011	5	8	4	3.26	0.0	0.0	0.0	0.0		0.0												
Total Precip (mm)	2011	5	9	4	3.26	0.0	0.0	0.0	0.0		0.0												
Total Precip (mm)	2011	5	10	4	3.26	0.0	0.0	0.0	0.0		0.0												
Total Precip (mm)	2011	5	11	4	3.26	0.0	0.0	0.0	0.0		0.0												
Total Precip (mm)	2011	5	12	4	3.26	0.0	0.0	0.0	0.0		0.0												
Total Precip (mm)	2011	5	13	4	3.43	8.5	7.2	10.0	10.0	5.4													
Total Precip (mm)	2011	5	14	4	3.26	22.3	16.5	25.8	24.0		22.4												
Total Precip (mm)	2011	5	15	4	3.28	11.5		12.2	18.0	9.2	5.6												
Total Precip (mm)	2011	5	16	4	3.26	10.0	12.7	8.8	12.0		10.0												
Total Precip (mm)	2011	5	17	4	3.26	0.6	1.2	0.0	1.0		1.0												
Total Precip (mm)	2011	5	18	4	3.26	2.7	3.5	1.6	2.0		5.2												
Total Precip (mm)	2011	5	19	4	3.26	4.3	1.0	10.0	1.0		1.2												
Total Precip (mm)	2011	5	20	4	3.26	0.0	0.0	0.0	0.0		0.0												
Total Precip (mm)	2011	5	21	4	3.26	0.0	0.0	0.0	0.0		0.0												
Total Precip (mm)	2011	5	22	4	3.26	3.2	3.0	2.8	4.5		3.2												
Total Precip (mm)	2011	5	23	4	3.26	5.3	3.0	7.8	6.0		3.0												
Total Precip (mm)	2011	5	24	4	3.26	0.2	0.0	0.0	1.0		0.0												
Total Precip (mm)	2011	5	25	4	3.26	0.1	0.0	0.4	0.0		0.0												
Total Precip (mm)	2011	5	26	4	3.26	16.4	20.2	11.6	16.0		25.4												
Total Precip (mm)	2011	5	27	4	3.26	7.6	8.2	8.8	8.0		6.2												
Total Precip (mm)	2011	5	28	4	3.26	16.9	10.2	20.0	10.0		26.6												
Total Precip (mm)	2011	5	29	4	3.26	3.2	2.2	3.0	4.0		4.0												
Total Precip (mm)	2011	5	30	4	3.43	0.0	0.0	0.0	0.0	0.0													
Total Precip (mm)	2011	5	31	4	3.26	0.6	0.0	0.0	1.0		1.4												
Total Precip (mm)	2011	6	1	4	3.26	0.0	0.0	0.0	0.0		0.0												
Total Precip (mm)	2011	6	2	4	3.26	0.0	0.0	0.0	0.0		0.0												
Total Precip (mm)	2011	6	3	4	3.26	0.0	0.0	0.0	0.0		0.0												
Total Precip (mm)	2011	6	4	4	3.26	0.0	0.0	0.0	0.0		0.0												
Total Precip (mm)	2011	6	5	4	3.26	0.0	0.0	0.0	0.0		0.0												
Total Precip (mm)	2011	6	6	4	3.26	0.0	0.0	0.0	0.0		0.0												
Total Precip (mm)	2011	6	7	4	3.26	0.0	0.0	0.0	0.0		0.0												
Total Precip (mm)	2011	6	8	4	3.26	5.6	0.0	14.0	2.0		0.0												
Total Precip (mm)	2011	6	9	4	3.26	3.1	7.2	0.0	0.0		9.8												
Total Precip (mm)	2011	6	10	4	3.26	0.0	0.0	0.0	0.0		0.0												
Total Precip (mm)	2011	6	11	4	3.26	2.1	3.5	2.8	0.0		2.8												
Total Precip (mm)	2011	6	12	4	3.53	20.6	12.8	25.6		13.2	18.8												
Total Precip (mm)	2011	6	13	4	3.26	0.4	0.0	1.2	0.0		0.0												
Total Precip (mm)	2011	6	14	4	3.26	0.0	0.0	0.0	0.0		0.0												
Total Precip (mm)	2011	6	15	4	3.26	0.0	0.0	0.0	0.0		0.0												
Total Precip (mm)	2011	6	16	4	3.26	0.0	0.0	0.0	0.0		0.0												
Total Precip (mm)	2011	6	17	4	3.26	0.6	2.5	0.0	1.0		0.0												
Total Precip (mm)	2011	6	18	4	3.26	0.0	0.0	0.0	0.0		0.0												
Total Precip (mm)	2011	6	19	4	3.26	0.0	0.0	0.0	0.0		0.0												
Total Precip (mm)	2011	6	20	4	3.26	0.0	0.0	0.0	0.0		0.0												
Total Precip (mm)	2011	6	21	4	3.26	0.0	0.0	0.0	0.0		0.0												
Total Precip (mm)	2011	6	22	4	3.26	0.2	0.0	0.0	1.0		0.0												
Total Precip (mm)	2011	6	23	4	3.26	17.9	13.5	12.8	21.0		28.8												
Total Precip (mm)	2011	6	24	4	3.26	12.3	23.7	17.6	8.0		4.0												
Total Precip (mm)	2011	6	25	4	3.26	9.7	19.5	12.4	3.0		9.0												
Total Precip (mm)	2011	6	26	4	3.26	13.5	2.0	18.0	11.0		18.2												
Total Precip (mm)	2011	7	9	4	3.26	0.0	0.0	0.0	0.0		0.0												
Total Precip (mm)	2011	10	22	4	3.26	0.0	0.0	0.0	0.0		0.0												
Total Precip (mm)	2011	10	24	4	3.26	3.4	3.5	4.0	6.0		0.0												
Total Precip (mm)	2011	10	28	4	3.26	0.0	0.0	0.0	0.0		0.0												
Total Precip (mm)	2011	10	29	4	3.26	0.0	0.0	0.0	0.0		0.0												
Total Precip (mm)	2011	10	30	4	3.26	0.0	0.0	0.0	0.0		0.0												
Total Precip (mm)	2011	10	31	4	3.26	0.0	0.0	0.0	0.0		0.0												
Total Precip (mm)	2011	11	17	4	3.26	0.0	0.0	0.0	0.0		0.0												
Total Precip (mm)	2011	12	28	4	3.26	2.5	5.0	2.0	2.0		3.0												
Total Precip (mm)	2012	1	17	4	3.47	7.1	9.2		8.0	4.0							5.6						
Total Precip (mm)	2012	2	22	4	3.26	1.9	0.0	1.0	2.5		4.2												
Total Precip (mm)	2012	9	7	4	3.26	0.0	0.0	0.0	0.0		0.0												
Total Precip (mm)	2012	10	15	4	3.26	0.5	0.0	0.6	1.0		0.0												
Total Precip (mm)	2012	12	4	4	3.26	10.8	9.4	9.0	12.0		15.4												
Total Precip (mm)	2012	12	10	4	3.26	8.0	10.0	7.8	7.0		9.8												
Total Precip (mm)	2012	12	17	4	3.28	11.1		12.2	14.0	5.0	10.0												
Total Precip (mm)	2012	12	18	4	3.45	13.4		17.2	12.5	10.0						10.0							
Total Precip (mm)	2012	12	20	4	3.26	6.5	0.0	11.2	9.0		1.0												
Total Precip (mm)	2012	12	23	4	3.26	1.2	0.0	1.0	0.0		4.0												
Total Precip (mm)	2012	12	26	4	3.26	7.7	0.0	8.0	16.0		4.0												
Total Precip (mm)	2013	2	5	4	3.26	0.0	0.0	0.0	0.0		0.0												
Total Precip (mm)	2013	2	23	4	3.26	5.2	5.0	5.6	5.0		6.0												
Total Precip (mm)	2013	4	18	4	3.43	0.3	1.3	0.0	0.0	1.0													
Total Precip (mm)	2013	7	4	4	3.26	0.8	0.0	0.0	0.0		3.6												
Total Precip (mm)	2013	7	16	4	3.53	0.0	0.0	0.0		0.0	0.0												
Total Precip (mm)	2013	7	17	4	3.26	8.2	14.0	1.2	4.0		22.6												
Total Precip (mm)	2013	7	22	4	3.26	0.0	0.0	0.0	0.0		0.0												
Total Precip (mm)	2013	7	31	4	3.26	0.0	0.0	0.0	0.0		0.0												
Total Precip (mm)	2013	8	3	4	3.45	1.8		2.4	2.0	0.5						2.0							
Total Precip (mm)	2013	8	12	4	3.26	7.0	10.0	6.4	8.0		6.5												
Total Precip (mm)	2013	9	6	4	3.26	0.0	0.0	0.0	0.0		0.0												
Total Precip (mm)	2013	9	10	4	3.26	8.4	2.8	4.4	13.0		14.8												
Total Precip (mm)	2013	9	15	4	3.26	9.6	7.6	9.2	11.0		11.5												
Total Precip (mm)	2013	9	29	4	3.26	0.0	0.0	0.0	0.0		0.0												
Total Precip (mm)	2013	10	6	4	3.26	4.5	4.8	4.6	6.0		3.2												
Total Precip (mm)	2013	10	8	4	3.26	0.0	0.0	0.0	0.0		0.0												
Total Precip (mm)	2013	10	18	4	3.26	1.7	1.6	3.4	0.0		1.2												
Total Precip (mm)	2013	10	25	4	3.43	0.4	0.4	0.8	0.0	0.0													
Total Precip (mm)	2013	10	28	4	3.43	0.2	0.0	0.6	0.0	0.0													
Total Precip (mm)	2013	12	12	4	3.26	0.8	0.0	1.0	0.0		2.0												
Total Precip (mm)	2013	12	19	4	3.28	1.4		0.0	0.0	4.0	5.0												
